Log file open, 02/21/22 19:55:46
LogWindows: Failed to load 'aqProf.dll' (GetLastError=126)
LogWindows: File 'aqProf.dll' does not exist
LogWindows: Failed to load 'VtuneApi.dll' (GetLastError=126)
LogWindows: File 'VtuneApi.dll' does not exist
LogWindows: Failed to load 'VtuneApi32e.dll' (GetLastError=126)
LogWindows: File 'VtuneApi32e.dll' does not exist
LogConsoleResponse: Display: Failed to find resolution value strings in scalability ini. Falling back to default.
LogConsoleResponse: Display: Failed to find resolution value strings in scalability ini. Falling back to default.
LogInit: Display: Running engine for game: diagnosis
LogPlatformFile: Not using cached read wrapper
LogTaskGraph: Started task graph with 5 named threads and 14 total threads with 3 sets of task threads.
LogStats: Stats thread started at 0.663956
LogICUInternationalization: ICU TimeZone Detection - Raw Offset: -5:00, Platform Override: ''
LogInit: Display: Loading text-based GConfig....
LogPluginManager: Mounting plugin MeshPainting
LogPluginManager: Mounting plugin XGEController
LogPluginManager: Mounting plugin Paper2D
LogPluginManager: Mounting plugin AISupport
LogPluginManager: Mounting plugin EnvironmentQueryEditor
LogPluginManager: Mounting plugin LiveLink
LogPluginManager: Mounting plugin LightPropagationVolume
LogPluginManager: Mounting plugin CameraShakePreviewer
LogPluginManager: Mounting plugin GameplayCameras
LogPluginManager: Mounting plugin OodleNetwork
LogPluginManager: Mounting plugin AnimationSharing
LogPluginManager: Mounting plugin OodleData
LogPluginManager: Mounting plugin CLionSourceCodeAccess
LogPluginManager: Mounting plugin CodeLiteSourceCodeAccess
LogPluginManager: Mounting plugin GitSourceControl
LogPluginManager: Mounting plugin NullSourceCodeAccess
LogPluginManager: Mounting plugin PerforceSourceControl
LogPluginManager: Mounting plugin PixWinPlugin
LogPluginManager: Mounting plugin PlasticSourceControl
LogPluginManager: Mounting plugin PluginUtils
LogPluginManager: Mounting plugin PropertyAccessNode
LogPluginManager: Mounting plugin RiderSourceCodeAccess
LogPluginManager: Mounting plugin SubversionSourceControl
LogPluginManager: Mounting plugin TextureFormatOodle
LogPluginManager: Mounting plugin KDevelopSourceCodeAccess
LogPluginManager: Mounting plugin VisualStudioCodeSourceCodeAccess
LogPluginManager: Mounting plugin VisualStudioSourceCodeAccess
LogPluginManager: Mounting plugin XCodeSourceCodeAccess
LogPluginManager: Mounting plugin AssetManagerEditor
LogPluginManager: Mounting plugin CryptoKeys
LogPluginManager: Mounting plugin CurveEditorTools
LogPluginManager: Mounting plugin DataValidation
LogPluginManager: Mounting plugin DatasmithContent
LogPluginManager: Mounting plugin FacialAnimation
LogPluginManager: Mounting plugin GameplayTagsEditor
LogPluginManager: Mounting plugin GeometryMode
LogPluginManager: Mounting plugin MacGraphicsSwitching
LogPluginManager: Mounting plugin MaterialAnalyzer
LogPluginManager: Mounting plugin MobileLauncherProfileWizard
LogPluginManager: Mounting plugin PluginBrowser
LogPluginManager: Mounting plugin VariantManagerContent
LogPluginManager: Mounting plugin SpeedTreeImporter
LogPluginManager: Mounting plugin AlembicImporter
LogPluginManager: Mounting plugin AutomationUtils
LogPluginManager: Mounting plugin BackChannel
LogPluginManager: Mounting plugin ChaosCloth
LogPluginManager: Mounting plugin ChaosClothEditor
LogPluginManager: Mounting plugin ChaosEditor
LogPluginManager: Mounting plugin ChaosNiagara
LogPluginManager: Mounting plugin ChaosSolverPlugin
LogPluginManager: Mounting plugin CharacterAI
LogPluginManager: Mounting plugin GeometryCache
LogPluginManager: Mounting plugin GeometryCollectionPlugin
LogPluginManager: Mounting plugin GeometryProcessing
LogPluginManager: Mounting plugin MotoSynth
LogPluginManager: Mounting plugin OpenImageDenoise
LogPluginManager: Mounting plugin PlanarCut
LogPluginManager: Mounting plugin PlatformCrypto
LogPluginManager: Mounting plugin ProxyLODPlugin
LogPluginManager: Mounting plugin PythonScriptPlugin
LogPluginManager: Mounting plugin SkeletalReduction
LogPluginManager: Mounting plugin Niagara
LogPluginManager: Mounting plugin LuminPlatformFeatures
LogPluginManager: Mounting plugin MagicLeapLightEstimation
LogPluginManager: Mounting plugin MagicLeapMedia
LogPluginManager: Mounting plugin MagicLeap
LogPluginManager: Mounting plugin MLSDK
LogPluginManager: Mounting plugin MagicLeapPassableWorld
LogPluginManager: Mounting plugin AndroidMedia
LogPluginManager: Mounting plugin AvfMedia
LogPluginManager: Mounting plugin ImgMedia
LogPluginManager: Mounting plugin MediaCompositing
LogPluginManager: Mounting plugin MediaPlayerEditor
LogPluginManager: Mounting plugin WebMMedia
LogPluginManager: Mounting plugin WmfMedia
LogPluginManager: Mounting plugin TcpMessaging
LogPluginManager: Mounting plugin UdpMessaging
LogPluginManager: Mounting plugin ActorSequence
LogPluginManager: Mounting plugin LevelSequenceEditor
LogPluginManager: Mounting plugin MatineeToLevelSequence
LogPluginManager: Mounting plugin TemplateSequence
LogPluginManager: Mounting plugin OnlineSubsystem
LogPluginManager: Mounting plugin OnlineSubsystemNull
LogPluginManager: Mounting plugin OnlineSubsystemUtils
LogPluginManager: Mounting plugin LauncherChunkInstaller
LogPluginManager: Mounting plugin ActorLayerUtilities
LogPluginManager: Mounting plugin AndroidDeviceProfileSelector
LogPluginManager: Mounting plugin AndroidMoviePlayer
LogPluginManager: Mounting plugin AndroidPermission
LogPluginManager: Mounting plugin AppleImageUtils
LogPluginManager: Mounting plugin AppleMoviePlayer
LogPluginManager: Mounting plugin ArchVisCharacter
LogPluginManager: Mounting plugin AssetTags
LogPluginManager: Mounting plugin AudioCapture
LogPluginManager: Mounting plugin AudioSynesthesia
LogPluginManager: Mounting plugin CableComponent
LogPluginManager: Mounting plugin ChunkDownloader
LogPluginManager: Mounting plugin CustomMeshComponent
LogPluginManager: Mounting plugin ExampleDeviceProfileSelector
LogPluginManager: Mounting plugin EditableMesh
LogPluginManager: Mounting plugin GoogleCloudMessaging
LogPluginManager: Mounting plugin GooglePAD
LogPluginManager: Mounting plugin IOSDeviceProfileSelector
LogPluginManager: Mounting plugin LinuxDeviceProfileSelector
LogPluginManager: Mounting plugin LocationServicesBPLibrary
LogPluginManager: Mounting plugin MobilePatchingUtils
LogPluginManager: Mounting plugin OpenXR
LogPluginManager: Mounting plugin OpenXREyeTracker
LogPluginManager: Mounting plugin OpenXRHandTracking
LogPluginManager: Mounting plugin PhysXVehicles
LogPluginManager: Mounting plugin PostSplashScreen
LogPluginManager: Mounting plugin ProceduralMeshComponent
LogPluginManager: Mounting plugin PropertyAccessEditor
LogPluginManager: Mounting plugin RuntimePhysXCooking
LogPluginManager: Mounting plugin SignificanceManager
LogPluginManager: Mounting plugin SoundFields
LogPluginManager: Mounting plugin Synthesis
LogPluginManager: Mounting plugin WebMMoviePlayer
LogPluginManager: Mounting plugin WindowsMoviePlayer
LogPluginManager: Mounting plugin ScreenshotTools
LogPluginManager: Mounting plugin Takes
LogPluginManager: Mounting plugin UObjectPlugin
LogPluginManager: Mounting plugin ContentBrowserAssetDataSource
LogPluginManager: Mounting plugin ContentBrowserClassDataSource
LogPluginManager: Mounting plugin ContentBrowserFileDataSource
LogPluginManager: Mounting plugin OnlineSubsystemGooglePlay
LogPluginManager: Mounting plugin OnlineSubsystemIOS
LogPluginManager: Mounting plugin OculusVR
LogPluginManager: Mounting plugin SteamVR
PixWinPlugin: PIX capture plugin failed to initialize! Check that the process is launched from PIX.
LogLuminAPIImpl: Warning: MLSDK not found.  This likely means the MLSDK environment variable is not set.
LogInit: Using libcurl 7.55.1-DEV
LogInit:  - built for x86_64-pc-win32
LogInit:  - supports SSL with OpenSSL/1.1.1
LogInit:  - supports HTTP deflate (compression) using libz 1.2.8
LogInit:  - other features:
LogInit:      CURL_VERSION_SSL
LogInit:      CURL_VERSION_LIBZ
LogInit:      CURL_VERSION_IPV6
LogInit:      CURL_VERSION_ASYNCHDNS
LogInit:      CURL_VERSION_LARGEFILE
LogInit:      CURL_VERSION_IDN
LogInit:  CurlRequestOptions (configurable via config and command line):
LogInit:  - bVerifyPeer = true  - Libcurl will verify peer certificate
LogInit:  - bUseHttpProxy = false  - Libcurl will NOT use HTTP proxy
LogInit:  - bDontReuseConnections = false  - Libcurl will reuse connections
LogInit:  - MaxHostConnections = 16  - Libcurl will limit the number of connections to a host
LogInit:  - LocalHostAddr = Default
LogInit:  - BufferSize = 65536
LogOnline: OSS: Creating online subsystem instance for: NULL
LogInit: WinSock: version 1.1 (2.2), MaxSocks=32767, MaxUdp=65467
LogOnline: OSS: TryLoadSubsystemAndSetDefault: Loaded subsystem for module [NULL]
LogOculusPluginWrapper: OculusPlugin initialized successfully
LogHMD: Failed initializing OVRPlugin 1.59.0
LogInit: Build: ++UE4+Release-4.27-CL-18319896
LogInit: Engine Version: 4.27.2-18319896+++UE4+Release-4.27
LogInit: Compatible Engine Version: 4.27.0-17155196+++UE4+Release-4.27
LogInit: Net CL: 17155196
LogInit: OS: Windows 10 (Release 2009) (), CPU: Intel(R) Core(TM) i5-7400 CPU @ 3.00GHz, GPU: NVIDIA GeForce GTX 1050 Ti
LogInit: Compiled (64-bit): Nov 30 2021 07:12:08
LogInit: Compiled with Visual C++: 19.24.28315.00
LogInit: Build Configuration: Development
LogInit: Branch Name: ++UE4+Release-4.27
LogInit: Command Line:  -EpicPortal -epicusername=favioloshow -epicuserid=e71d5cc67887414489551b07d73479aa -epiclocale=en -epicsandboxid=ue
LogInit: Base Directory: D:/programas/unreal/UE_4.27/Engine/Binaries/Win64/
LogInit: Allocator: TBB
LogInit: Installed Engine Build: 1
LogDevObjectVersion: Number of dev versions registered: 29
LogDevObjectVersion:   Dev-Blueprints (B0D832E4-1F89-4F0D-ACCF-7EB736FD4AA2): 10
LogDevObjectVersion:   Dev-Build (E1C64328-A22C-4D53-A36C-8E866417BD8C): 0
LogDevObjectVersion:   Dev-Core (375EC13C-06E4-48FB-B500-84F0262A717E): 4
LogDevObjectVersion:   Dev-Editor (E4B068ED-F494-42E9-A231-DA0B2E46BB41): 40
LogDevObjectVersion:   Dev-Framework (CFFC743F-43B0-4480-9391-14DF171D2073): 37
LogDevObjectVersion:   Dev-Mobile (B02B49B5-BB20-44E9-A304-32B752E40360): 3
LogDevObjectVersion:   Dev-Networking (A4E4105C-59A1-49B5-A7C5-40C4547EDFEE): 0
LogDevObjectVersion:   Dev-Online (39C831C9-5AE6-47DC-9A44-9C173E1C8E7C): 0
LogDevObjectVersion:   Dev-Physics (78F01B33-EBEA-4F98-B9B4-84EACCB95AA2): 14
LogDevObjectVersion:   Dev-Platform (6631380F-2D4D-43E0-8009-CF276956A95A): 0
LogDevObjectVersion:   Dev-Rendering (12F88B9F-8875-4AFC-A67C-D90C383ABD29): 45
LogDevObjectVersion:   Dev-Sequencer (7B5AE74C-D270-4C10-A958-57980B212A5A): 13
LogDevObjectVersion:   Dev-VR (D7296918-1DD6-4BDD-9DE2-64A83CC13884): 3
LogDevObjectVersion:   Dev-LoadTimes (C2A15278-BFE7-4AFE-6C17-90FF531DF755): 1
LogDevObjectVersion:   Private-Geometry (6EACA3D4-40EC-4CC1-B786-8BED09428FC5): 3
LogDevObjectVersion:   Dev-AnimPhys (29E575DD-E0A3-4627-9D10-D276232CDCEA): 17
LogDevObjectVersion:   Dev-Anim (AF43A65D-7FD3-4947-9873-3E8ED9C1BB05): 15
LogDevObjectVersion:   Dev-ReflectionCapture (6B266CEC-1EC7-4B8F-A30B-E4D90942FC07): 1
LogDevObjectVersion:   Dev-Automation (0DF73D61-A23F-47EA-B727-89E90C41499A): 1
LogDevObjectVersion:   FortniteMain (601D1886-AC64-4F84-AA16-D3DE0DEAC7D6): 47
LogDevObjectVersion:   FortniteRelease (E7086368-6B23-4C58-8439-1B7016265E91): 1
LogDevObjectVersion:   Dev-Enterprise (9DFFBCD6-494F-0158-E221-12823C92A888): 10
LogDevObjectVersion:   Dev-Niagara (F2AED0AC-9AFE-416F-8664-AA7FFA26D6FC): 1
LogDevObjectVersion:   Dev-Destruction (174F1F0B-B4C6-45A5-B13F-2EE8D0FB917D): 10
LogDevObjectVersion:   Dev-Physics-Ext (35F94A83-E258-406C-A318-09F59610247C): 41
LogDevObjectVersion:   Dev-PhysicsMaterial-Chaos (B68FC16E-8B1B-42E2-B453-215C058844FE): 1
LogDevObjectVersion:   Dev-CineCamera (B2E18506-4273-CFC2-A54E-F4BB758BBA07): 1
LogDevObjectVersion:   Dev-VirtualProduction (64F58936-FD1B-42BA-BA96-7289D5D0FA4E): 1
LogDevObjectVersion:   Dev-MediaFramework (6F0ED827-A609-4895-9C91-998D90180EA4): 2
LogInit: Presizing for max 25165824 objects, including 0 objects not considered by GC, pre-allocating 0 bytes for permanent pool.
LogConfig: Applying CVar settings from Section [/Script/Engine.StreamingSettings] File [C:/Users/Favio/Desktop/unreal/giddy-up/diagnosis/Saved/Config/Windows/Engine.ini]
LogConfig: Setting CVar [[s.MinBulkDataSizeForAsyncLoading:131072]]
LogConfig: Setting CVar [[s.AsyncLoadingThreadEnabled:0]]
LogConfig: Setting CVar [[s.EventDrivenLoaderEnabled:1]]
LogConfig: Setting CVar [[s.WarnIfTimeLimitExceeded:0]]
LogConfig: Setting CVar [[s.TimeLimitExceededMultiplier:1.5]]
LogConfig: Setting CVar [[s.TimeLimitExceededMinTime:0.005]]
LogConfig: Setting CVar [[s.UseBackgroundLevelStreaming:1]]
LogConfig: Setting CVar [[s.PriorityAsyncLoadingExtraTime:15.0]]
LogConfig: Setting CVar [[s.LevelStreamingActorsUpdateTimeLimit:5.0]]
LogConfig: Setting CVar [[s.PriorityLevelStreamingActorsUpdateExtraTime:5.0]]
LogConfig: Setting CVar [[s.LevelStreamingComponentsRegistrationGranularity:10]]
LogConfig: Setting CVar [[s.UnregisterComponentsTimeLimit:1.0]]
LogConfig: Setting CVar [[s.LevelStreamingComponentsUnregistrationGranularity:5]]
LogConfig: Setting CVar [[s.FlushStreamingOnExit:1]]
LogInit: Object subsystem initialized
LogConfig: Setting CVar [[con.DebugEarlyDefault:1]]
LogConfig: Setting CVar [[r.setres:1280x720]]
[2022.02.22-00.55.47:700][  0]LogConfig: Setting CVar [[r.VSync:0]]
[2022.02.22-00.55.47:700][  0]LogConfig: Setting CVar [[r.RHICmdBypass:0]]
[2022.02.22-00.55.47:700][  0]LogConfig: Applying CVar settings from Section [/Script/Engine.RendererSettings] File [C:/Users/Favio/Desktop/unreal/giddy-up/diagnosis/Saved/Config/Windows/Engine.ini]
[2022.02.22-00.55.47:700][  0]LogConfig: Setting CVar [[r.GPUCrashDebugging:0]]
[2022.02.22-00.55.47:700][  0]LogConfig: Applying CVar settings from Section [/Script/Engine.RendererOverrideSettings] File [C:/Users/Favio/Desktop/unreal/giddy-up/diagnosis/Saved/Config/Windows/Engine.ini]
[2022.02.22-00.55.47:700][  0]LogConfig: Applying CVar settings from Section [/Script/Engine.StreamingSettings] File [C:/Users/Favio/Desktop/unreal/giddy-up/diagnosis/Saved/Config/Windows/Engine.ini]
[2022.02.22-00.55.47:700][  0]LogConfig: Setting CVar [[s.MinBulkDataSizeForAsyncLoading:131072]]
[2022.02.22-00.55.47:700][  0]LogConfig: Setting CVar [[s.AsyncLoadingThreadEnabled:0]]
[2022.02.22-00.55.47:700][  0]LogConfig: Setting CVar [[s.EventDrivenLoaderEnabled:1]]
[2022.02.22-00.55.47:700][  0]LogConfig: Setting CVar [[s.WarnIfTimeLimitExceeded:0]]
[2022.02.22-00.55.47:700][  0]LogConfig: Setting CVar [[s.TimeLimitExceededMultiplier:1.5]]
[2022.02.22-00.55.47:700][  0]LogConfig: Setting CVar [[s.TimeLimitExceededMinTime:0.005]]
[2022.02.22-00.55.47:700][  0]LogConfig: Setting CVar [[s.UseBackgroundLevelStreaming:1]]
[2022.02.22-00.55.47:700][  0]LogConfig: Setting CVar [[s.PriorityAsyncLoadingExtraTime:15.0]]
[2022.02.22-00.55.47:700][  0]LogConfig: Setting CVar [[s.LevelStreamingActorsUpdateTimeLimit:5.0]]
[2022.02.22-00.55.47:700][  0]LogConfig: Setting CVar [[s.PriorityLevelStreamingActorsUpdateExtraTime:5.0]]
[2022.02.22-00.55.47:700][  0]LogConfig: Setting CVar [[s.LevelStreamingComponentsRegistrationGranularity:10]]
[2022.02.22-00.55.47:700][  0]LogConfig: Setting CVar [[s.UnregisterComponentsTimeLimit:1.0]]
[2022.02.22-00.55.47:700][  0]LogConfig: Setting CVar [[s.LevelStreamingComponentsUnregistrationGranularity:5]]
[2022.02.22-00.55.47:701][  0]LogConfig: Setting CVar [[s.FlushStreamingOnExit:1]]
[2022.02.22-00.55.47:701][  0]LogConfig: Applying CVar settings from Section [/Script/Engine.GarbageCollectionSettings] File [C:/Users/Favio/Desktop/unreal/giddy-up/diagnosis/Saved/Config/Windows/Engine.ini]
[2022.02.22-00.55.47:701][  0]LogConfig: Setting CVar [[gc.MaxObjectsNotConsideredByGC:1]]
[2022.02.22-00.55.47:701][  0]LogConfig: Setting CVar [[gc.SizeOfPermanentObjectPool:0]]
[2022.02.22-00.55.47:701][  0]LogConfig: Setting CVar [[gc.FlushStreamingOnGC:0]]
[2022.02.22-00.55.47:701][  0]LogConfig: Setting CVar [[gc.NumRetriesBeforeForcingGC:10]]
[2022.02.22-00.55.47:701][  0]LogConfig: Setting CVar [[gc.AllowParallelGC:1]]
[2022.02.22-00.55.47:701][  0]LogConfig: Setting CVar [[gc.TimeBetweenPurgingPendingKillObjects:61.1]]
[2022.02.22-00.55.47:701][  0]LogConfig: Setting CVar [[gc.MaxObjectsInEditor:25165824]]
[2022.02.22-00.55.47:701][  0]LogConfig: Setting CVar [[gc.IncrementalBeginDestroyEnabled:1]]
[2022.02.22-00.55.47:701][  0]LogConfig: Setting CVar [[gc.CreateGCClusters:1]]
[2022.02.22-00.55.47:701][  0]LogConfig: Setting CVar [[gc.MinGCClusterSize:5]]
[2022.02.22-00.55.47:701][  0]LogConfig: Setting CVar [[gc.ActorClusteringEnabled:0]]
[2022.02.22-00.55.47:701][  0]LogConfig: Setting CVar [[gc.BlueprintClusteringEnabled:0]]
[2022.02.22-00.55.47:701][  0]LogConfig: Setting CVar [[gc.UseDisregardForGCOnDedicatedServers:0]]
[2022.02.22-00.55.47:701][  0]LogConfig: Setting CVar [[gc.MultithreadedDestructionEnabled:1]]
[2022.02.22-00.55.47:701][  0]LogConfig: Applying CVar settings from Section [/Script/Engine.NetworkSettings] File [C:/Users/Favio/Desktop/unreal/giddy-up/diagnosis/Saved/Config/Windows/Engine.ini]
[2022.02.22-00.55.47:701][  0]LogConfig: Applying CVar settings from Section [/Script/UnrealEd.CookerSettings] File [C:/Users/Favio/Desktop/unreal/giddy-up/diagnosis/Saved/Config/Windows/Engine.ini]
[2022.02.22-00.55.47:708][  0]LogConfig: Applying CVar settings from Section [ViewDistanceQuality@3] File [C:/Users/Favio/Desktop/unreal/giddy-up/diagnosis/Saved/Config/Windows/Scalability.ini]
[2022.02.22-00.55.47:708][  0]LogConfig: Setting CVar [[r.SkeletalMeshLODBias:0]]
[2022.02.22-00.55.47:708][  0]LogConfig: Setting CVar [[r.ViewDistanceScale:1.0]]
[2022.02.22-00.55.47:708][  0]LogConfig: Applying CVar settings from Section [AntiAliasingQuality@3] File [C:/Users/Favio/Desktop/unreal/giddy-up/diagnosis/Saved/Config/Windows/Scalability.ini]
[2022.02.22-00.55.47:708][  0]LogConfig: Setting CVar [[r.PostProcessAAQuality:4]]
[2022.02.22-00.55.47:708][  0]LogConfig: Applying CVar settings from Section [ShadowQuality@3] File [C:/Users/Favio/Desktop/unreal/giddy-up/diagnosis/Saved/Config/Windows/Scalability.ini]
[2022.02.22-00.55.47:708][  0]LogConfig: Setting CVar [[r.LightFunctionQuality:1]]
[2022.02.22-00.55.47:708][  0]LogConfig: Setting CVar [[r.ShadowQuality:5]]
[2022.02.22-00.55.47:708][  0]LogConfig: Setting CVar [[r.Shadow.CSM.MaxCascades:10]]
[2022.02.22-00.55.47:708][  0]LogConfig: Setting CVar [[r.Shadow.MaxResolution:2048]]
[2022.02.22-00.55.47:708][  0]LogConfig: Setting CVar [[r.Shadow.MaxCSMResolution:2048]]
[2022.02.22-00.55.47:708][  0]LogConfig: Setting CVar [[r.Shadow.RadiusThreshold:0.01]]
[2022.02.22-00.55.47:708][  0]LogConfig: Setting CVar [[r.Shadow.DistanceScale:1.0]]
[2022.02.22-00.55.47:708][  0]LogConfig: Setting CVar [[r.Shadow.CSM.TransitionScale:1.0]]
[2022.02.22-00.55.47:708][  0]LogConfig: Setting CVar [[r.Shadow.PreShadowResolutionFactor:1.0]]
[2022.02.22-00.55.47:708][  0]LogConfig: Setting CVar [[r.DistanceFieldShadowing:1]]
[2022.02.22-00.55.47:708][  0]LogConfig: Setting CVar [[r.DistanceFieldAO:1]]
[2022.02.22-00.55.47:708][  0]LogConfig: Setting CVar [[r.AOQuality:2]]
[2022.02.22-00.55.47:708][  0]LogConfig: Setting CVar [[r.VolumetricFog:1]]
[2022.02.22-00.55.47:708][  0]LogConfig: Setting CVar [[r.VolumetricFog.GridPixelSize:8]]
[2022.02.22-00.55.47:708][  0]LogConfig: Setting CVar [[r.VolumetricFog.GridSizeZ:128]]
[2022.02.22-00.55.47:708][  0]LogConfig: Setting CVar [[r.VolumetricFog.HistoryMissSupersampleCount:4]]
[2022.02.22-00.55.47:708][  0]LogConfig: Setting CVar [[r.LightMaxDrawDistanceScale:1]]
[2022.02.22-00.55.47:708][  0]LogConfig: Setting CVar [[r.CapsuleShadows:1]]
[2022.02.22-00.55.47:708][  0]LogConfig: Applying CVar settings from Section [PostProcessQuality@3] File [C:/Users/Favio/Desktop/unreal/giddy-up/diagnosis/Saved/Config/Windows/Scalability.ini]
[2022.02.22-00.55.47:708][  0]LogConfig: Setting CVar [[r.MotionBlurQuality:4]]
[2022.02.22-00.55.47:708][  0]LogConfig: Setting CVar [[r.AmbientOcclusionMipLevelFactor:0.4]]
[2022.02.22-00.55.47:708][  0]LogConfig: Setting CVar [[r.AmbientOcclusionMaxQuality:100]]
[2022.02.22-00.55.47:708][  0]LogConfig: Setting CVar [[r.AmbientOcclusionLevels:-1]]
[2022.02.22-00.55.47:708][  0]LogConfig: Setting CVar [[r.AmbientOcclusionRadiusScale:1.0]]
[2022.02.22-00.55.47:708][  0]LogConfig: Setting CVar [[r.DepthOfFieldQuality:2]]
[2022.02.22-00.55.47:708][  0]LogConfig: Setting CVar [[r.RenderTargetPoolMin:400]]
[2022.02.22-00.55.47:708][  0]LogConfig: Setting CVar [[r.LensFlareQuality:2]]
[2022.02.22-00.55.47:708][  0]LogConfig: Setting CVar [[r.SceneColorFringeQuality:1]]
[2022.02.22-00.55.47:708][  0]LogConfig: Setting CVar [[r.EyeAdaptationQuality:2]]
[2022.02.22-00.55.47:708][  0]LogConfig: Setting CVar [[r.BloomQuality:5]]
[2022.02.22-00.55.47:708][  0]LogConfig: Setting CVar [[r.FastBlurThreshold:100]]
[2022.02.22-00.55.47:708][  0]LogConfig: Setting CVar [[r.Upscale.Quality:3]]
[2022.02.22-00.55.47:708][  0]LogConfig: Setting CVar [[r.Tonemapper.GrainQuantization:1]]
[2022.02.22-00.55.47:708][  0]LogConfig: Setting CVar [[r.LightShaftQuality:1]]
[2022.02.22-00.55.47:708][  0]LogConfig: Setting CVar [[r.Filter.SizeScale:1]]
[2022.02.22-00.55.47:708][  0]LogConfig: Setting CVar [[r.Tonemapper.Quality:5]]
[2022.02.22-00.55.47:708][  0]LogConfig: Setting CVar [[r.DOF.Gather.AccumulatorQuality:1        ; higher gathering accumulator quality]]
[2022.02.22-00.55.47:708][  0]LogConfig: Setting CVar [[r.DOF.Gather.PostfilterMethod:1          ; Median3x3 postfilering method]]
[2022.02.22-00.55.47:708][  0]LogConfig: Setting CVar [[r.DOF.Gather.EnableBokehSettings:0       ; no bokeh simulation when gathering]]
[2022.02.22-00.55.47:708][  0]LogConfig: Setting CVar [[r.DOF.Gather.RingCount:4                 ; medium number of samples when gathering]]
[2022.02.22-00.55.47:708][  0]LogConfig: Setting CVar [[r.DOF.Scatter.ForegroundCompositing:1    ; additive foreground scattering]]
[2022.02.22-00.55.47:708][  0]LogConfig: Setting CVar [[r.DOF.Scatter.BackgroundCompositing:2    ; additive background scattering]]
[2022.02.22-00.55.47:708][  0]LogConfig: Setting CVar [[r.DOF.Scatter.EnableBokehSettings:1      ; bokeh simulation when scattering]]
[2022.02.22-00.55.47:708][  0]LogConfig: Setting CVar [[r.DOF.Scatter.MaxSpriteRatio:0.1         ; only a maximum of 10% of scattered bokeh]]
[2022.02.22-00.55.47:708][  0]LogConfig: Setting CVar [[r.DOF.Recombine.Quality:1                ; cheap slight out of focus]]
[2022.02.22-00.55.47:708][  0]LogConfig: Setting CVar [[r.DOF.Recombine.EnableBokehSettings:0    ; no bokeh simulation on slight out of focus]]
[2022.02.22-00.55.47:708][  0]LogConfig: Setting CVar [[r.DOF.TemporalAAQuality:1                ; more stable temporal accumulation]]
[2022.02.22-00.55.47:708][  0]LogConfig: Setting CVar [[r.DOF.Kernel.MaxForegroundRadius:0.025]]
[2022.02.22-00.55.47:708][  0]LogConfig: Setting CVar [[r.DOF.Kernel.MaxBackgroundRadius:0.025]]
[2022.02.22-00.55.47:708][  0]LogConfig: Applying CVar settings from Section [TextureQuality@3] File [C:/Users/Favio/Desktop/unreal/giddy-up/diagnosis/Saved/Config/Windows/Scalability.ini]
[2022.02.22-00.55.47:708][  0]LogConfig: Setting CVar [[r.Streaming.MipBias:0]]
[2022.02.22-00.55.47:708][  0]LogConfig: Setting CVar [[r.Streaming.AmortizeCPUToGPUCopy:0]]
[2022.02.22-00.55.47:708][  0]LogConfig: Setting CVar [[r.Streaming.MaxNumTexturesToStreamPerFrame:0]]
[2022.02.22-00.55.47:708][  0]LogConfig: Setting CVar [[r.Streaming.Boost:1]]
[2022.02.22-00.55.47:708][  0]LogConfig: Setting CVar [[r.MaxAnisotropy:8]]
[2022.02.22-00.55.47:708][  0]LogConfig: Setting CVar [[r.VT.MaxAnisotropy:8]]
[2022.02.22-00.55.47:708][  0]LogConfig: Setting CVar [[r.Streaming.LimitPoolSizeToVRAM:0]]
[2022.02.22-00.55.47:709][  0]LogConfig: Setting CVar [[r.Streaming.PoolSize:1000]]
[2022.02.22-00.55.47:709][  0]LogConfig: Setting CVar [[r.Streaming.MaxEffectiveScreenSize:0]]
[2022.02.22-00.55.47:709][  0]LogConfig: Applying CVar settings from Section [EffectsQuality@3] File [C:/Users/Favio/Desktop/unreal/giddy-up/diagnosis/Saved/Config/Windows/Scalability.ini]
[2022.02.22-00.55.47:709][  0]LogConfig: Setting CVar [[r.TranslucencyLightingVolumeDim:64]]
[2022.02.22-00.55.47:709][  0]LogConfig: Setting CVar [[r.RefractionQuality:2]]
[2022.02.22-00.55.47:709][  0]LogConfig: Setting CVar [[r.SSR.Quality:3]]
[2022.02.22-00.55.47:709][  0]LogConfig: Setting CVar [[r.SSR.HalfResSceneColor:0]]
[2022.02.22-00.55.47:709][  0]LogConfig: Setting CVar [[r.SceneColorFormat:4]]
[2022.02.22-00.55.47:709][  0]LogConfig: Setting CVar [[r.DetailMode:2]]
[2022.02.22-00.55.47:709][  0]LogConfig: Setting CVar [[r.TranslucencyVolumeBlur:1]]
[2022.02.22-00.55.47:709][  0]LogConfig: Setting CVar [[r.MaterialQualityLevel:1 ; High quality]]
[2022.02.22-00.55.47:709][  0]LogConfig: Setting CVar [[r.AnisotropicMaterials:1]]
[2022.02.22-00.55.47:709][  0]LogConfig: Setting CVar [[r.SSS.Scale:1]]
[2022.02.22-00.55.47:709][  0]LogConfig: Setting CVar [[r.SSS.SampleSet:2]]
[2022.02.22-00.55.47:709][  0]LogConfig: Setting CVar [[r.SSS.Quality:1]]
[2022.02.22-00.55.47:709][  0]LogConfig: Setting CVar [[r.SSS.HalfRes:0]]
[2022.02.22-00.55.47:709][  0]LogConfig: Setting CVar [[r.SSGI.Quality:3]]
[2022.02.22-00.55.47:709][  0]LogConfig: Setting CVar [[r.EmitterSpawnRateScale:1.0]]
[2022.02.22-00.55.47:709][  0]LogConfig: Setting CVar [[r.ParticleLightQuality:2]]
[2022.02.22-00.55.47:709][  0]LogConfig: Setting CVar [[r.SkyAtmosphere.AerialPerspectiveLUT.FastApplyOnOpaque:1 ; Always have FastSkyLUT 1 in this case to avoid wrong sky]]
[2022.02.22-00.55.47:709][  0]LogConfig: Setting CVar [[r.SkyAtmosphere.AerialPerspectiveLUT.SampleCountMaxPerSlice:4]]
[2022.02.22-00.55.47:709][  0]LogConfig: Setting CVar [[r.SkyAtmosphere.AerialPerspectiveLUT.DepthResolution:16.0]]
[2022.02.22-00.55.47:709][  0]LogConfig: Setting CVar [[r.SkyAtmosphere.FastSkyLUT:1]]
[2022.02.22-00.55.47:709][  0]LogConfig: Setting CVar [[r.SkyAtmosphere.FastSkyLUT.SampleCountMin:4.0]]
[2022.02.22-00.55.47:709][  0]LogConfig: Setting CVar [[r.SkyAtmosphere.FastSkyLUT.SampleCountMax:128.0]]
[2022.02.22-00.55.47:709][  0]LogConfig: Setting CVar [[r.SkyAtmosphere.SampleCountMin:4.0]]
[2022.02.22-00.55.47:709][  0]LogConfig: Setting CVar [[r.SkyAtmosphere.SampleCountMax:128.0]]
[2022.02.22-00.55.47:709][  0]LogConfig: Setting CVar [[r.SkyAtmosphere.TransmittanceLUT.UseSmallFormat:0]]
[2022.02.22-00.55.47:709][  0]LogConfig: Setting CVar [[r.SkyAtmosphere.TransmittanceLUT.SampleCount:10.0]]
[2022.02.22-00.55.47:709][  0]LogConfig: Setting CVar [[r.SkyAtmosphere.MultiScatteringLUT.SampleCount:15.0]]
[2022.02.22-00.55.47:709][  0]LogConfig: Setting CVar [[r.SkyLight.RealTimeReflectionCapture:1]]
[2022.02.22-00.55.47:709][  0]LogConfig: Applying CVar settings from Section [FoliageQuality@3] File [C:/Users/Favio/Desktop/unreal/giddy-up/diagnosis/Saved/Config/Windows/Scalability.ini]
[2022.02.22-00.55.47:709][  0]LogConfig: Setting CVar [[foliage.DensityScale:1.0]]
[2022.02.22-00.55.47:709][  0]LogConfig: Setting CVar [[grass.DensityScale:1.0]]
[2022.02.22-00.55.47:709][  0]LogConfig: Applying CVar settings from Section [ShadingQuality@3] File [C:/Users/Favio/Desktop/unreal/giddy-up/diagnosis/Saved/Config/Windows/Scalability.ini]
[2022.02.22-00.55.47:709][  0]LogConfig: Setting CVar [[r.HairStrands.SkyLighting.IntegrationType:2]]
[2022.02.22-00.55.47:709][  0]LogConfig: Setting CVar [[r.HairStrands.SkyAO.SampleCount:4]]
[2022.02.22-00.55.47:709][  0]LogConfig: Setting CVar [[r.HairStrands.Visibility.MSAA.SamplePerPixel:4]]
[2022.02.22-00.55.47:709][  0]LogInit: Selected Device Profile: [Windows]
[2022.02.22-00.55.47:709][  0]LogInit: Applying CVar settings loaded from the selected device profile: [Windows]
[2022.02.22-00.55.47:709][  0]LogHAL: Display: Platform has ~ 16 GB [17105592320 / 17179869184 / 16], which maps to Larger [LargestMinGB=32, LargerMinGB=12, DefaultMinGB=8, SmallerMinGB=6, SmallestMinGB=0)
[2022.02.22-00.55.47:709][  0]LogInit: Going up to parent DeviceProfile []
[2022.02.22-00.55.47:709][  0]LogConfig: Applying CVar settings from Section [ViewDistanceQuality@3] File [C:/Users/Favio/Desktop/unreal/giddy-up/diagnosis/Saved/Config/Windows/Scalability.ini]
[2022.02.22-00.55.47:709][  0]LogConfig: Setting CVar [[r.SkeletalMeshLODBias:0]]
[2022.02.22-00.55.47:709][  0]LogConfig: Setting CVar [[r.ViewDistanceScale:1.0]]
[2022.02.22-00.55.47:709][  0]LogConfig: Applying CVar settings from Section [AntiAliasingQuality@3] File [C:/Users/Favio/Desktop/unreal/giddy-up/diagnosis/Saved/Config/Windows/Scalability.ini]
[2022.02.22-00.55.47:709][  0]LogConfig: Setting CVar [[r.PostProcessAAQuality:4]]
[2022.02.22-00.55.47:709][  0]LogConfig: Applying CVar settings from Section [ShadowQuality@3] File [C:/Users/Favio/Desktop/unreal/giddy-up/diagnosis/Saved/Config/Windows/Scalability.ini]
[2022.02.22-00.55.47:709][  0]LogConfig: Setting CVar [[r.LightFunctionQuality:1]]
[2022.02.22-00.55.47:709][  0]LogConfig: Setting CVar [[r.ShadowQuality:5]]
[2022.02.22-00.55.47:709][  0]LogConfig: Setting CVar [[r.Shadow.CSM.MaxCascades:10]]
[2022.02.22-00.55.47:709][  0]LogConfig: Setting CVar [[r.Shadow.MaxResolution:2048]]
[2022.02.22-00.55.47:709][  0]LogConfig: Setting CVar [[r.Shadow.MaxCSMResolution:2048]]
[2022.02.22-00.55.47:709][  0]LogConfig: Setting CVar [[r.Shadow.RadiusThreshold:0.01]]
[2022.02.22-00.55.47:709][  0]LogConfig: Setting CVar [[r.Shadow.DistanceScale:1.0]]
[2022.02.22-00.55.47:709][  0]LogConfig: Setting CVar [[r.Shadow.CSM.TransitionScale:1.0]]
[2022.02.22-00.55.47:709][  0]LogConfig: Setting CVar [[r.Shadow.PreShadowResolutionFactor:1.0]]
[2022.02.22-00.55.47:709][  0]LogConfig: Setting CVar [[r.DistanceFieldShadowing:1]]
[2022.02.22-00.55.47:709][  0]LogConfig: Setting CVar [[r.DistanceFieldAO:1]]
[2022.02.22-00.55.47:710][  0]LogConfig: Setting CVar [[r.AOQuality:2]]
[2022.02.22-00.55.47:710][  0]LogConfig: Setting CVar [[r.VolumetricFog:1]]
[2022.02.22-00.55.47:710][  0]LogConfig: Setting CVar [[r.VolumetricFog.GridPixelSize:8]]
[2022.02.22-00.55.47:710][  0]LogConfig: Setting CVar [[r.VolumetricFog.GridSizeZ:128]]
[2022.02.22-00.55.47:710][  0]LogConfig: Setting CVar [[r.VolumetricFog.HistoryMissSupersampleCount:4]]
[2022.02.22-00.55.47:710][  0]LogConfig: Setting CVar [[r.LightMaxDrawDistanceScale:1]]
[2022.02.22-00.55.47:710][  0]LogConfig: Setting CVar [[r.CapsuleShadows:1]]
[2022.02.22-00.55.47:710][  0]LogConfig: Applying CVar settings from Section [PostProcessQuality@3] File [C:/Users/Favio/Desktop/unreal/giddy-up/diagnosis/Saved/Config/Windows/Scalability.ini]
[2022.02.22-00.55.47:710][  0]LogConfig: Setting CVar [[r.MotionBlurQuality:4]]
[2022.02.22-00.55.47:710][  0]LogConfig: Setting CVar [[r.AmbientOcclusionMipLevelFactor:0.4]]
[2022.02.22-00.55.47:710][  0]LogConfig: Setting CVar [[r.AmbientOcclusionMaxQuality:100]]
[2022.02.22-00.55.47:710][  0]LogConfig: Setting CVar [[r.AmbientOcclusionLevels:-1]]
[2022.02.22-00.55.47:710][  0]LogConfig: Setting CVar [[r.AmbientOcclusionRadiusScale:1.0]]
[2022.02.22-00.55.47:710][  0]LogConfig: Setting CVar [[r.DepthOfFieldQuality:2]]
[2022.02.22-00.55.47:710][  0]LogConfig: Setting CVar [[r.RenderTargetPoolMin:400]]
[2022.02.22-00.55.47:710][  0]LogConfig: Setting CVar [[r.LensFlareQuality:2]]
[2022.02.22-00.55.47:710][  0]LogConfig: Setting CVar [[r.SceneColorFringeQuality:1]]
[2022.02.22-00.55.47:710][  0]LogConfig: Setting CVar [[r.EyeAdaptationQuality:2]]
[2022.02.22-00.55.47:710][  0]LogConfig: Setting CVar [[r.BloomQuality:5]]
[2022.02.22-00.55.47:710][  0]LogConfig: Setting CVar [[r.FastBlurThreshold:100]]
[2022.02.22-00.55.47:710][  0]LogConfig: Setting CVar [[r.Upscale.Quality:3]]
[2022.02.22-00.55.47:710][  0]LogConfig: Setting CVar [[r.Tonemapper.GrainQuantization:1]]
[2022.02.22-00.55.47:710][  0]LogConfig: Setting CVar [[r.LightShaftQuality:1]]
[2022.02.22-00.55.47:710][  0]LogConfig: Setting CVar [[r.Filter.SizeScale:1]]
[2022.02.22-00.55.47:710][  0]LogConfig: Setting CVar [[r.Tonemapper.Quality:5]]
[2022.02.22-00.55.47:710][  0]LogConfig: Setting CVar [[r.DOF.Gather.AccumulatorQuality:1        ; higher gathering accumulator quality]]
[2022.02.22-00.55.47:710][  0]LogConfig: Setting CVar [[r.DOF.Gather.PostfilterMethod:1          ; Median3x3 postfilering method]]
[2022.02.22-00.55.47:710][  0]LogConfig: Setting CVar [[r.DOF.Gather.EnableBokehSettings:0       ; no bokeh simulation when gathering]]
[2022.02.22-00.55.47:710][  0]LogConfig: Setting CVar [[r.DOF.Gather.RingCount:4                 ; medium number of samples when gathering]]
[2022.02.22-00.55.47:710][  0]LogConfig: Setting CVar [[r.DOF.Scatter.ForegroundCompositing:1    ; additive foreground scattering]]
[2022.02.22-00.55.47:710][  0]LogConfig: Setting CVar [[r.DOF.Scatter.BackgroundCompositing:2    ; additive background scattering]]
[2022.02.22-00.55.47:710][  0]LogConfig: Setting CVar [[r.DOF.Scatter.EnableBokehSettings:1      ; bokeh simulation when scattering]]
[2022.02.22-00.55.47:710][  0]LogConfig: Setting CVar [[r.DOF.Scatter.MaxSpriteRatio:0.1         ; only a maximum of 10% of scattered bokeh]]
[2022.02.22-00.55.47:710][  0]LogConfig: Setting CVar [[r.DOF.Recombine.Quality:1                ; cheap slight out of focus]]
[2022.02.22-00.55.47:710][  0]LogConfig: Setting CVar [[r.DOF.Recombine.EnableBokehSettings:0    ; no bokeh simulation on slight out of focus]]
[2022.02.22-00.55.47:710][  0]LogConfig: Setting CVar [[r.DOF.TemporalAAQuality:1                ; more stable temporal accumulation]]
[2022.02.22-00.55.47:710][  0]LogConfig: Setting CVar [[r.DOF.Kernel.MaxForegroundRadius:0.025]]
[2022.02.22-00.55.47:710][  0]LogConfig: Setting CVar [[r.DOF.Kernel.MaxBackgroundRadius:0.025]]
[2022.02.22-00.55.47:710][  0]LogConfig: Applying CVar settings from Section [TextureQuality@3] File [C:/Users/Favio/Desktop/unreal/giddy-up/diagnosis/Saved/Config/Windows/Scalability.ini]
[2022.02.22-00.55.47:710][  0]LogConfig: Setting CVar [[r.Streaming.MipBias:0]]
[2022.02.22-00.55.47:710][  0]LogConfig: Setting CVar [[r.Streaming.AmortizeCPUToGPUCopy:0]]
[2022.02.22-00.55.47:710][  0]LogConfig: Setting CVar [[r.Streaming.MaxNumTexturesToStreamPerFrame:0]]
[2022.02.22-00.55.47:710][  0]LogConfig: Setting CVar [[r.Streaming.Boost:1]]
[2022.02.22-00.55.47:710][  0]LogConfig: Setting CVar [[r.MaxAnisotropy:8]]
[2022.02.22-00.55.47:710][  0]LogConfig: Setting CVar [[r.VT.MaxAnisotropy:8]]
[2022.02.22-00.55.47:710][  0]LogConfig: Setting CVar [[r.Streaming.LimitPoolSizeToVRAM:0]]
[2022.02.22-00.55.47:710][  0]LogConfig: Setting CVar [[r.Streaming.PoolSize:1000]]
[2022.02.22-00.55.47:710][  0]LogConfig: Setting CVar [[r.Streaming.MaxEffectiveScreenSize:0]]
[2022.02.22-00.55.47:710][  0]LogConfig: Applying CVar settings from Section [EffectsQuality@3] File [C:/Users/Favio/Desktop/unreal/giddy-up/diagnosis/Saved/Config/Windows/Scalability.ini]
[2022.02.22-00.55.47:710][  0]LogConfig: Setting CVar [[r.TranslucencyLightingVolumeDim:64]]
[2022.02.22-00.55.47:710][  0]LogConfig: Setting CVar [[r.RefractionQuality:2]]
[2022.02.22-00.55.47:710][  0]LogConfig: Setting CVar [[r.SSR.Quality:3]]
[2022.02.22-00.55.47:710][  0]LogConfig: Setting CVar [[r.SSR.HalfResSceneColor:0]]
[2022.02.22-00.55.47:710][  0]LogConfig: Setting CVar [[r.SceneColorFormat:4]]
[2022.02.22-00.55.47:710][  0]LogConfig: Setting CVar [[r.DetailMode:2]]
[2022.02.22-00.55.47:710][  0]LogConfig: Setting CVar [[r.TranslucencyVolumeBlur:1]]
[2022.02.22-00.55.47:710][  0]LogConfig: Setting CVar [[r.MaterialQualityLevel:1 ; High quality]]
[2022.02.22-00.55.47:710][  0]LogConfig: Setting CVar [[r.AnisotropicMaterials:1]]
[2022.02.22-00.55.47:710][  0]LogConfig: Setting CVar [[r.SSS.Scale:1]]
[2022.02.22-00.55.47:710][  0]LogConfig: Setting CVar [[r.SSS.SampleSet:2]]
[2022.02.22-00.55.47:710][  0]LogConfig: Setting CVar [[r.SSS.Quality:1]]
[2022.02.22-00.55.47:710][  0]LogConfig: Setting CVar [[r.SSS.HalfRes:0]]
[2022.02.22-00.55.47:710][  0]LogConfig: Setting CVar [[r.SSGI.Quality:3]]
[2022.02.22-00.55.47:710][  0]LogConfig: Setting CVar [[r.EmitterSpawnRateScale:1.0]]
[2022.02.22-00.55.47:710][  0]LogConfig: Setting CVar [[r.ParticleLightQuality:2]]
[2022.02.22-00.55.47:710][  0]LogConfig: Setting CVar [[r.SkyAtmosphere.AerialPerspectiveLUT.FastApplyOnOpaque:1 ; Always have FastSkyLUT 1 in this case to avoid wrong sky]]
[2022.02.22-00.55.47:710][  0]LogConfig: Setting CVar [[r.SkyAtmosphere.AerialPerspectiveLUT.SampleCountMaxPerSlice:4]]
[2022.02.22-00.55.47:710][  0]LogConfig: Setting CVar [[r.SkyAtmosphere.AerialPerspectiveLUT.DepthResolution:16.0]]
[2022.02.22-00.55.47:710][  0]LogConfig: Setting CVar [[r.SkyAtmosphere.FastSkyLUT:1]]
[2022.02.22-00.55.47:710][  0]LogConfig: Setting CVar [[r.SkyAtmosphere.FastSkyLUT.SampleCountMin:4.0]]
[2022.02.22-00.55.47:710][  0]LogConfig: Setting CVar [[r.SkyAtmosphere.FastSkyLUT.SampleCountMax:128.0]]
[2022.02.22-00.55.47:710][  0]LogConfig: Setting CVar [[r.SkyAtmosphere.SampleCountMin:4.0]]
[2022.02.22-00.55.47:711][  0]LogConfig: Setting CVar [[r.SkyAtmosphere.SampleCountMax:128.0]]
[2022.02.22-00.55.47:711][  0]LogConfig: Setting CVar [[r.SkyAtmosphere.TransmittanceLUT.UseSmallFormat:0]]
[2022.02.22-00.55.47:711][  0]LogConfig: Setting CVar [[r.SkyAtmosphere.TransmittanceLUT.SampleCount:10.0]]
[2022.02.22-00.55.47:711][  0]LogConfig: Setting CVar [[r.SkyAtmosphere.MultiScatteringLUT.SampleCount:15.0]]
[2022.02.22-00.55.47:711][  0]LogConfig: Setting CVar [[r.SkyLight.RealTimeReflectionCapture:1]]
[2022.02.22-00.55.47:711][  0]LogConfig: Applying CVar settings from Section [FoliageQuality@3] File [C:/Users/Favio/Desktop/unreal/giddy-up/diagnosis/Saved/Config/Windows/Scalability.ini]
[2022.02.22-00.55.47:711][  0]LogConfig: Setting CVar [[foliage.DensityScale:1.0]]
[2022.02.22-00.55.47:711][  0]LogConfig: Setting CVar [[grass.DensityScale:1.0]]
[2022.02.22-00.55.47:711][  0]LogConfig: Applying CVar settings from Section [ShadingQuality@3] File [C:/Users/Favio/Desktop/unreal/giddy-up/diagnosis/Saved/Config/Windows/Scalability.ini]
[2022.02.22-00.55.47:711][  0]LogConfig: Setting CVar [[r.HairStrands.SkyLighting.IntegrationType:2]]
[2022.02.22-00.55.47:711][  0]LogConfig: Setting CVar [[r.HairStrands.SkyAO.SampleCount:4]]
[2022.02.22-00.55.47:711][  0]LogConfig: Setting CVar [[r.HairStrands.Visibility.MSAA.SamplePerPixel:4]]
[2022.02.22-00.55.47:711][  0]LogConfig: Applying CVar settings from Section [Startup] File [../../../Engine/Config/ConsoleVariables.ini]
[2022.02.22-00.55.47:711][  0]LogConfig: Setting CVar [[net.UseAdaptiveNetUpdateFrequency:0]]
[2022.02.22-00.55.47:711][  0]LogConfig: Setting CVar [[p.chaos.AllowCreatePhysxBodies:1]]
[2022.02.22-00.55.47:711][  0]LogConfig: Setting CVar [[fx.SkipVectorVMBackendOptimizations:1]]
[2022.02.22-00.55.47:711][  0]LogConfig: Applying CVar settings from Section [ConsoleVariables] File [C:/Users/Favio/Desktop/unreal/giddy-up/diagnosis/Saved/Config/Windows/Engine.ini]
[2022.02.22-00.55.47:711][  0]LogConfig: Applying CVar settings from Section [ConsoleVariables] File [C:/Users/Favio/Desktop/unreal/giddy-up/diagnosis/Saved/Config/Windows/Editor.ini]
[2022.02.22-00.55.47:711][  0]LogInit: Computer: DESKTOP-VD3GENK
[2022.02.22-00.55.47:711][  0]LogInit: User: Favio
[2022.02.22-00.55.47:711][  0]LogInit: CPU Page size=4096, Cores=4
[2022.02.22-00.55.47:711][  0]LogInit: High frequency timer resolution =10.000000 MHz
[2022.02.22-00.55.47:711][  0]LogMemory: Memory total: Physical=15.9GB (16GB approx)
[2022.02.22-00.55.47:711][  0]LogMemory: Platform Memory Stats for Windows
[2022.02.22-00.55.47:711][  0]LogMemory: Process Physical Memory: 140.81 MB used, 140.81 MB peak
[2022.02.22-00.55.47:711][  0]LogMemory: Process Virtual Memory: 112.89 MB used, 112.89 MB peak
[2022.02.22-00.55.47:711][  0]LogMemory: Physical Memory: 10973.14 MB used,  5340.02 MB free, 16313.16 MB total
[2022.02.22-00.55.47:711][  0]LogMemory: Virtual Memory: 134204280.00 MB used,  13448.29 MB free, 134217728.00 MB total
[2022.02.22-00.55.47:717][  0]LogWindows: WindowsPlatformFeatures enabled
[2022.02.22-00.55.47:751][  0]LogInit: Physics initialised using underlying interface: PhysX
[2022.02.22-00.55.47:752][  0]LogInit: Overriding language with editor language configuration option (en).
[2022.02.22-00.55.47:752][  0]LogInit: Using OS detected locale (es-PE).
[2022.02.22-00.55.48:047][  0]LogInit: Setting process to per monitor DPI aware
[2022.02.22-00.55.48:107][  0]LogWindowsTextInputMethodSystem: Display: IME system deactivated.
[2022.02.22-00.55.48:120][  0]LogSlate: New Slate User Created.  User Index 0, Is Virtual User: 0
[2022.02.22-00.55.48:120][  0]LogSlate: Slate User Registered.  User Index 0, Is Virtual User: 0
[2022.02.22-00.55.48:657][  0]LogD3D11RHI: Loaded GFSDK_Aftermath_Lib.x64.dll
[2022.02.22-00.55.48:662][  0]LogHMD: Failed to initialize OpenVR with code 110
[2022.02.22-00.55.48:662][  0]LogD3D11RHI: D3D11 min allowed feature level: 11_0
[2022.02.22-00.55.48:662][  0]LogD3D11RHI: D3D11 max allowed feature level: 11_0
[2022.02.22-00.55.48:662][  0]LogD3D11RHI: D3D11 adapters:
[2022.02.22-00.55.48:799][  0]LogD3D11RHI:    0. 'NVIDIA GeForce GTX 1050 Ti' (Feature Level 11_0)
[2022.02.22-00.55.48:799][  0]LogD3D11RHI:       4018/0/8156 MB DedicatedVideo/DedicatedSystem/SharedSystem, Outputs:1, VendorId:0x10de
[2022.02.22-00.55.48:801][  0]LogD3D11RHI:    1. 'Microsoft Basic Render Driver' (Feature Level 11_0)
[2022.02.22-00.55.48:801][  0]LogD3D11RHI:       0/0/8156 MB DedicatedVideo/DedicatedSystem/SharedSystem, Outputs:0, VendorId:0x1414
[2022.02.22-00.55.48:801][  0]LogD3D11RHI: Chosen D3D11 Adapter:
[2022.02.22-00.55.48:801][  0]LogD3D11RHI:     Description : NVIDIA GeForce GTX 1050 Ti
[2022.02.22-00.55.48:801][  0]LogD3D11RHI:     VendorId    : 10de
[2022.02.22-00.55.48:801][  0]LogD3D11RHI:     DeviceId    : 1c82
[2022.02.22-00.55.48:801][  0]LogD3D11RHI:     SubSysId    : 85cd1043
[2022.02.22-00.55.48:801][  0]LogD3D11RHI:     Revision    : 00a1
[2022.02.22-00.55.48:801][  0]LogD3D11RHI:     DedicatedVideoMemory : 4213178368 bytes
[2022.02.22-00.55.48:801][  0]LogD3D11RHI:     DedicatedSystemMemory : 0 bytes
[2022.02.22-00.55.48:802][  0]LogD3D11RHI:     SharedSystemMemory : 8552796160 bytes
[2022.02.22-00.55.48:802][  0]LogD3D11RHI:     AdapterLuid : 0 42367
[2022.02.22-00.55.48:808][  0]LogD3D11RHI: Creating new Direct3DDevice
[2022.02.22-00.55.48:808][  0]LogD3D11RHI:     GPU DeviceId: 0x1c82 (for the marketing name, search the web for "GPU Device Id")
[2022.02.22-00.55.48:808][  0]LogWindows: EnumDisplayDevices:
[2022.02.22-00.55.48:809][  0]LogWindows:    0. 'NVIDIA GeForce GTX 1050 Ti' (P:1 D:1)
[2022.02.22-00.55.48:809][  0]LogWindows:    1. 'NVIDIA GeForce GTX 1050 Ti' (P:0 D:0)
[2022.02.22-00.55.48:809][  0]LogWindows:    2. 'NVIDIA GeForce GTX 1050 Ti' (P:0 D:0)
[2022.02.22-00.55.48:810][  0]LogWindows:    3. 'NVIDIA GeForce GTX 1050 Ti' (P:0 D:0)
[2022.02.22-00.55.48:810][  0]LogWindows: DebugString: FoundDriverCount:4 
[2022.02.22-00.55.48:810][  0]LogD3D11RHI:     Adapter Name: NVIDIA GeForce GTX 1050 Ti
[2022.02.22-00.55.48:810][  0]LogD3D11RHI:   Driver Version: 472.47 (internal:30.0.14.7247, unified:472.47)
[2022.02.22-00.55.48:810][  0]LogD3D11RHI:      Driver Date: 10-26-2021
[2022.02.22-00.55.48:810][  0]LogRHI: Texture pool is 2812 MB (70% of 4018 MB)
[2022.02.22-00.55.48:810][  0]LogD3D11RHI: Creating D3DDevice using adapter:
[2022.02.22-00.55.48:810][  0]LogD3D11RHI:     Description : NVIDIA GeForce GTX 1050 Ti
[2022.02.22-00.55.48:810][  0]LogD3D11RHI:     VendorId    : 10de
[2022.02.22-00.55.48:810][  0]LogD3D11RHI:     DeviceId    : 1c82
[2022.02.22-00.55.48:810][  0]LogD3D11RHI:     SubSysId    : 85cd1043
[2022.02.22-00.55.48:810][  0]LogD3D11RHI:     Revision    : 00a1
[2022.02.22-00.55.48:810][  0]LogD3D11RHI:     DedicatedVideoMemory : 4213178368 bytes
[2022.02.22-00.55.48:810][  0]LogD3D11RHI:     DedicatedSystemMemory : 0 bytes
[2022.02.22-00.55.48:810][  0]LogD3D11RHI:     SharedSystemMemory : 8552796160 bytes
[2022.02.22-00.55.48:810][  0]LogD3D11RHI:     AdapterLuid : 0 42367
[2022.02.22-00.55.48:906][  0]LogD3D11RHI: RHI has support for 64 bit atomics
[2022.02.22-00.55.48:906][  0]LogD3D11RHI: Async texture creation enabled
[2022.02.22-00.55.48:906][  0]LogD3D11RHI: Array index from any shader is supported
[2022.02.22-00.55.48:926][  0]LogD3D11RHI: GPU Timing Frequency: 1000.000000 (Debug: 2 1)
[2022.02.22-00.55.48:980][  0]LogRHI: GeForceNow SDK initialized: 1
[2022.02.22-00.55.55:891][  0]LogTargetPlatformManager: Display: Loaded TargetPlatform 'AllDesktop'
[2022.02.22-00.55.55:921][  0]LogTargetPlatformManager: Display: Loaded TargetPlatform 'Android'
[2022.02.22-00.55.55:921][  0]LogTargetPlatformManager: Display: Loaded TargetPlatform 'Android_ASTC'
[2022.02.22-00.55.55:921][  0]LogTargetPlatformManager: Display: Loaded TargetPlatform 'Android_DXT'
[2022.02.22-00.55.55:921][  0]LogTargetPlatformManager: Display: Loaded TargetPlatform 'Android_ETC2'
[2022.02.22-00.55.55:921][  0]LogTargetPlatformManager: Display: Loaded TargetPlatform 'AndroidClient'
[2022.02.22-00.55.55:921][  0]LogTargetPlatformManager: Display: Loaded TargetPlatform 'Android_ASTCClient'
[2022.02.22-00.55.55:921][  0]LogTargetPlatformManager: Display: Loaded TargetPlatform 'Android_DXTClient'
[2022.02.22-00.55.55:921][  0]LogTargetPlatformManager: Display: Loaded TargetPlatform 'Android_ETC2Client'
[2022.02.22-00.55.55:921][  0]LogTargetPlatformManager: Display: Loaded TargetPlatform 'Android_Multi'
[2022.02.22-00.55.55:921][  0]LogTargetPlatformManager: Display: Loaded TargetPlatform 'Android_MultiClient'
[2022.02.22-00.55.55:949][  0]LogTargetPlatformManager: Display: Loaded TargetPlatform 'IOSClient'
[2022.02.22-00.55.55:949][  0]LogTargetPlatformManager: Display: Loaded TargetPlatform 'IOS'
[2022.02.22-00.55.55:965][  0]LogTargetPlatformManager: Display: Loaded TargetPlatform 'Linux'
[2022.02.22-00.55.55:972][  0]LogTargetPlatformManager: Display: Loaded TargetPlatform 'LinuxNoEditor'
[2022.02.22-00.55.55:979][  0]LogTargetPlatformManager: Display: Loaded TargetPlatform 'LinuxClient'
[2022.02.22-00.55.55:985][  0]LogTargetPlatformManager: Display: Loaded TargetPlatform 'LinuxServer'
[2022.02.22-00.55.55:999][  0]LogTargetPlatformManager: Display: Loaded TargetPlatform 'LinuxAArch64NoEditor'
[2022.02.22-00.55.56:005][  0]LogTargetPlatformManager: Display: Loaded TargetPlatform 'LinuxAArch64Client'
[2022.02.22-00.55.56:012][  0]LogTargetPlatformManager: Display: Loaded TargetPlatform 'LinuxAArch64Server'
[2022.02.22-00.55.56:047][  0]LogTargetPlatformManager: Display: Loaded TargetPlatform 'Lumin'
[2022.02.22-00.55.56:047][  0]LogTargetPlatformManager: Display: Loaded TargetPlatform 'LuminClient'
[2022.02.22-00.55.56:059][  0]LogTargetPlatformManager: Display: Loaded TargetPlatform 'MacNoEditor'
[2022.02.22-00.55.56:066][  0]LogTargetPlatformManager: Display: Loaded TargetPlatform 'Mac'
[2022.02.22-00.55.56:072][  0]LogTargetPlatformManager: Display: Loaded TargetPlatform 'MacClient'
[2022.02.22-00.55.56:079][  0]LogTargetPlatformManager: Display: Loaded TargetPlatform 'MacServer'
[2022.02.22-00.55.56:094][  0]LogTargetPlatformManager: Display: Loaded TargetPlatform 'TVOSClient'
[2022.02.22-00.55.56:094][  0]LogTargetPlatformManager: Display: Loaded TargetPlatform 'TVOS'
[2022.02.22-00.55.56:108][  0]LogTargetPlatformManager: Display: Loaded TargetPlatform 'WindowsNoEditor'
[2022.02.22-00.55.56:114][  0]LogTargetPlatformManager: Display: Loaded TargetPlatform 'Windows'
[2022.02.22-00.55.56:121][  0]LogTargetPlatformManager: Display: Loaded TargetPlatform 'WindowsClient'
[2022.02.22-00.55.56:127][  0]LogTargetPlatformManager: Display: Loaded TargetPlatform 'WindowsServer'
[2022.02.22-00.55.56:127][  0]LogTargetPlatformManager: Display: Building Assets For Windows
[2022.02.22-00.55.56:137][  0]LogAudioDebug: Display: Lib vorbis DLL was dynamically loaded.
[2022.02.22-00.55.56:195][  0]LogTextureFormatOodle: Display: Oodle Texture 2.9.0 init RDO Off
[2022.02.22-00.55.56:243][  0]LogRendererCore: Ray tracing is disabled. Reason: r.RayTracing=0.
[2022.02.22-00.55.56:243][  0]LogShaderCompilers: Guid format shader working directory is -3 characters bigger than the processId version (C:/Users/Favio/Desktop/unreal/giddy-up/diagnosis/Intermediate/Shaders/WorkingDirectory/17236/).
[2022.02.22-00.55.56:243][  0]LogShaderCompilers: Cleaned the shader compiler working directory 'C:/Users/Favio/AppData/Local/Temp/UnrealShaderWorkingDir/682B98EF48B6BF5C6E830E8329632AAC/'.
[2022.02.22-00.55.56:243][  0]LogXGEController: Cannot use XGE Controller as Incredibuild is not installed on this machine.
[2022.02.22-00.55.56:243][  0]LogShaderCompilers: Cannot use XGE Shader Compiler as Incredibuild is not installed on this machine.
[2022.02.22-00.55.56:243][  0]LogShaderCompilers: Display: Using Local Shader Compiler.
[2022.02.22-00.55.57:314][  0]LogDerivedDataCache: Display: Max Cache Size: 512 MB
[2022.02.22-00.55.57:404][  0]LogDerivedDataCache: Loaded boot cache 0.09s 94MB C:/Users/Favio/AppData/Local/UnrealEngine/4.27/DerivedDataCache/Boot.ddc.
[2022.02.22-00.55.57:405][  0]LogDerivedDataCache: Display: Loaded Boot cache: C:/Users/Favio/AppData/Local/UnrealEngine/4.27/DerivedDataCache/Boot.ddc
[2022.02.22-00.55.57:405][  0]LogDerivedDataCache: FDerivedDataBackendGraph:  Pak pak cache file C:/Users/Favio/Desktop/unreal/giddy-up/diagnosis/DerivedDataCache/DDC.ddp not found, will not use a pak cache.
[2022.02.22-00.55.57:405][  0]LogDerivedDataCache: Unable to find inner node Pak for hierarchical cache Hierarchy.
[2022.02.22-00.55.57:405][  0]LogDerivedDataCache: FDerivedDataBackendGraph:  CompressedPak pak cache file C:/Users/Favio/Desktop/unreal/giddy-up/diagnosis/DerivedDataCache/Compressed.ddp not found, will not use a pak cache.
[2022.02.22-00.55.57:405][  0]LogDerivedDataCache: Unable to find inner node CompressedPak for hierarchical cache Hierarchy.
[2022.02.22-00.55.57:428][  0]LogDerivedDataCache: Display: Pak cache opened for reading ../../../Engine/DerivedDataCache/Compressed.ddp.
[2022.02.22-00.55.57:429][  0]LogDerivedDataCache: FDerivedDataBackendGraph:  EnterprisePak pak cache file ../../../Enterprise/DerivedDataCache/Compressed.ddp not found, will not use a pak cache.
[2022.02.22-00.55.57:429][  0]LogDerivedDataCache: Unable to find inner node EnterprisePak for hierarchical cache Hierarchy.
[2022.02.22-00.55.57:437][  0]LogDerivedDataCache: Speed tests for C:/Users/Favio/AppData/Local/UnrealEngine/Common/DerivedDataCache took 0.01 seconds
[2022.02.22-00.55.57:437][  0]LogDerivedDataCache: Display: Performance to C:/Users/Favio/AppData/Local/UnrealEngine/Common/DerivedDataCache: Latency=0.04ms. RandomReadSpeed=1172.07MBs, RandomWriteSpeed=134.73MBs. Assigned SpeedClass 'Local'
[2022.02.22-00.55.57:446][  0]LogDerivedDataCache: Using Local data cache path C:/Users/Favio/AppData/Local/UnrealEngine/Common/DerivedDataCache: Writable
[2022.02.22-00.55.57:446][  0]LogDerivedDataCache: Shared data cache path not found in *engine.ini, will not use an Shared cache.
[2022.02.22-00.55.57:446][  0]LogDerivedDataCache: Unable to find inner node Shared for hierarchical cache Hierarchy.
[2022.02.22-00.55.57:503][  0]LogSlate: Using FreeType 2.10.0
[2022.02.22-00.55.57:504][  0]LogSlate: SlateFontServices - WITH_FREETYPE: 1, WITH_HARFBUZZ: 1
[2022.02.22-00.55.57:568][  0]LogAssetRegistry: FAssetRegistry took 0.0255 seconds to start up
[2022.02.22-00.55.57:870][  0]LogInit: Selected Device Profile: [Windows]
[2022.02.22-00.55.57:870][  0]LogInit: Active device profile: [000002677DC46E00][00000267753374C0 49] Windows
[2022.02.22-00.55.57:870][  0]LogInit: Profiles: [000002677DC46E00][00000267753374C0 49] Windows, [000002677DBE6A00][0000026775AED640 49] WindowsNoEditor, [000002677DC45100][0000026775AF17C0 49] WindowsServer, [000002677DBE4800][0000026775AF5940 49] WindowsClient, [000002677DC46700][0000026775AF9AC0 49] IOS, [000002677DC45200][0000026775AFC0C0 49] iPadAir, [000002677DBD9F00][000002677C6B4240 49] iPadAir2, [000002677DB8CB00][000002677C6BC500 49] IPadPro, [000002677DB8CC00][000002677C6B8540 49] iPadAir3, [000002677DBD8700][000002677C6C06C0 49] iPadAir4, [000002677DB8C200][000002677C6C4840 49] iPadMini2, [000002677DBDB600][000002677533A980 49] iPadMini3, [000002677DB8EE00][000002677C6C8AC0 49] iPadMini4, [000002677DBD8600][000002677C6CCC00 49] iPadMini5, [000002677DBE5A00][000002677E6E8E80 49] iPhone6, [000002677DBE4100][000002677E6E0EC0 49] iPodTouch6, [000002677DB8C700][000002677E6F1180 49] iPhone7, [000002677DB8EF00][000002677E6ED1C0 49] iPodTouch7, [000002677DBE5700][000002677E6F5340 49] iPhone5S, [000002677DB8C400][000002677E6F94C0 49] iPhone6Plus, [000002677DBE7400][000002677E6FD640 49] iPhone6S, [000002677DB8D600][000002677E7017C0 49] iPhone6SPlus, [000002677DBE4B00][000002677E705940 49] iPhone7Plus, [000002677DB8E200][000002677E709AC0 49] iPhoneSE, [000002677DBE5C00][000002677E70C0C0 49] iPhone8, [000002677DB8D900][000002677E710240 49] iPhone8Plus, [000002677DBE5300][000002677E7143C0 49] iPhoneX, [000002677DB8FE00][000002677E718540 49] iPhoneXS, [000002677DBE6300][000002677E71C6C0 49] iPhoneXSMax, [000002677DB8C500][000002677E720840 49] iPhoneXR, [000002677DBE5E00][000002677E7249C0 49] iPhone11, [000002677DB8DC00][000002677E728B40 49] iPhone11Pro, [000002677DBE4600][000002677E6E4C80 49] iPhone11ProMax, [000002677DB8CE00][000002677E72CDC0 49] iPhoneSE2, [000002677DBE5400][000002677E730F00 49] iPhone12Mini, [000002677DB8EA00][000002677E739080 49] iPhone12, [000002677DBE7300][000002677E73D200 49] iPhone12Pro, [000002677DB8D800][000002677E741380 49] iPhone12ProMax, [000002677DBE7800][000002677E745500 49] iPadPro105, [000002677DB8DE00][000002677E749680 49] iPadPro129, [000002677DBE7E00][000002677E74D800 49] iPadPro97, [000002677DB8F100][000002677E751980 49] iPadPro2_129, [000002677DBE7600][000002677E755B00 49] iPad5, [000002677DB8E500][000002677E758100 49] iPad6, [000002677DBE4300][000002677E75C280 49] iPad7, [000002677DB8F800][000002677E760400 49] iPad8, [000002677DBE7F00][000002677E764580 49] iPadPro11, [000002677DB8F300][000002677E768700 49] iPadPro2_11, [000002677DBE7000][000002677E76C880 49] iPadPro3_129, [000002677DB8F900][000002677E770A00 49] iPadPro4_129, [000002677DBE5B00][000002677E774B80 49] AppleTV, [000002677DB8CA00][000002677E778D00 49] AppleTV4K, [000002677DBE7A00][000002677E734E40 49] TVOS, [000002677DB8F700][000002677E77CF80 49] Mac, [000002677DBE7500][000002677E7810C0 49] MacClient, [000002677DB8FB00][000002677E789240 49] MacNoEditor, [000002677DBE6800][000002677E78D3C0 49] MacServer, [000002677DB8E300][000002677E791540 49] Linux, [000002677DBE6D00][000002677E7956C0 49] LinuxAArch64, [000002677DB8E800][000002677E799840 49] LinuxNoEditor, [000002677DBE5900][000002677E79D9C0 49] LinuxAArch64NoEditor, [000002677DB8E700][000002677E7A1B40 49] LinuxClient, [000002677DBE7900][000002677E7A4140 49] LinuxAArch64Client, [000002677DB8EB00][000002677E7A82C0 49] LinuxServer, [000002677DBE6200][000002677E7AC440 49] LinuxAArch64Server, [000002677DBDB400][000002677E7B05C0 49] Android, [000002677DC44100][000002677E7B4740 49] Android_Low, [000002677DBD8200][000002677E7B88C0 49] Android_Mid, [000002677DC45A00][000002677E7BCA40 49] Android_High, [000002677DBDA600][000002677E7C0BC0 49] Android_Default, [000002677DC46C00][000002677E7C4D40 49] Android_Adreno4xx, [000002677DBDAE00][000002677E7C8EC0 49] Android_Adreno5xx_Low, [000002677DC47200][000002677E785000 49] Android_Adreno5xx, [000002677DBDBC00][000002677E7CD140 49] Android_Adreno6xx, [000002677DC44F00][000002677E7D1280 49] Android_Adreno6xx_Vulkan, [000002677DBDA200][000002677E7D53C0 49] Android_Mali_T6xx, [000002677DC44D00][000002677E7DD540 49] Android_Mali_T7xx, [000002677DBD8A00][000002677E7E16C0 49] Android_Mali_T8xx, [000002677DC45300][000002677E7E5840 49] Android_Mali_G71, [000002677DBDB000][000002677E7E99C0 49] Android_Mali_G72, [000002677DC47000][000002677E7EDB40 49] Android_Mali_G72_Vulkan, [000002677DBD9500][000002677E7F0140 49] Android_Mali_G76, [000002677DC46D00][000002677E7F42C0 49] Android_Mali_G76_Vulkan, [000002677DBDB700][000002677E7F8440 49] Android_Mali_G77, [000002677DC47100][000002677E7FC5C0 49] Android_Mali_G77_Vulkan, [000002677DBD9B00][000002677E800740 49] Android_Mali_G78, [000002677DC46100][000002677E8048C0 49] Android_Mali_G78_Vulkan, [000002677DBDAD00][000002677E808A40 49] Android_Mali_G710, [000002677DC45000][000002677E80CBC0 49] Android_Mali_G710_Vulkan, [000002677DBDA000][000002677E810D40 49] Android_Vulkan_SM5, [000002677DC47A00][000002677E814EC0 49] Android_PowerVR_G6xxx, [000002677DBD9800][000002677E819040 49] Android_PowerVR_GT7xxx, [000002677DC45D00][000002677E7D9180 49] Android_PowerVR_GE8xxx, [000002677DBE5600][000002677E81D2C0 49] Android_PowerVR_GM9xxx, [000002677DC47700][000002677E821400 49] Android_PowerVR_GM9xxx_Vulkan, [000002677DBE7B00][000002677E825540 49] Android_TegraK1, [000002677DC44200][000002677E82D6C0 49] Android_Unknown_Vulkan, [000002677DBE6500][000002677E831840 49] Lumin, [000002677DC45800][000002677E8359C0 49] Lumin_Desktop, [000002677DBE7C00][000002677E839B40 49] HoloLens, 
[2022.02.22-00.55.58:046][  0]LogMeshReduction: Using QuadricMeshReduction for automatic static mesh reduction
[2022.02.22-00.55.58:046][  0]LogMeshReduction: Using SimplygonMeshReduction for automatic skeletal mesh reduction
[2022.02.22-00.55.58:046][  0]LogMeshReduction: Using ProxyLODMeshReduction for automatic mesh merging
[2022.02.22-00.55.58:046][  0]LogMeshReduction: No distributed automatic mesh merging module available
[2022.02.22-00.55.58:046][  0]LogMeshMerging: No distributed automatic mesh merging module available
[2022.02.22-00.55.58:069][  0]LogNetVersion: diagnosis 1.0.0, NetCL: 17155196, EngineNetVer: 17, GameNetVer: 0 (Checksum: 3749285548)
[2022.02.22-00.55.58:688][  0]LogTexture: Default maximum texture size for cubemaps generated from long-lat sources has been changed from 512 to unlimited. In order to preserve old behaiour for '/Engine/MapTemplates/Sky/DaylightAmbientCubemap.DaylightAmbientCubemap', its maximum texture size has been explicitly set to 512.
[2022.02.22-00.55.58:765][  0]LogHMD: PokeAHoleMaterial loaded successfully
[2022.02.22-00.55.58:772][  0]LogUObjectArray: 17178 objects as part of root set at end of initial load.
[2022.02.22-00.55.58:772][  0]LogUObjectAllocator: 4302048 out of 0 bytes used by permanent object pool.
[2022.02.22-00.55.58:772][  0]LogUObjectArray: CloseDisregardForGC: 0/0 objects in disregard for GC pool
[2022.02.22-00.55.59:179][  0]LogPython: Using Python 3.7.7
[2022.02.22-00.55.59:829][  0]LogNiagaraDebuggerClient: Niagara Debugger Client Initialized | Session: 997BB447465B996F6FE318B9F1C004F4 | Instance: 67389A674BCC8B60C7DE259EB6340197 (DESKTOP-VD3GENK-17236).
[2022.02.22-00.56.00:042][  0]LogTcpMessaging: Initializing TcpMessaging bridge
[2022.02.22-00.56.00:069][  0]LogUdpMessaging: Initializing bridge on interface 0.0.0.0:0 to multicast group 230.0.0.1:6666.
[2022.02.22-00.56.00:335][  0]SourceControl: Source control is disabled
[2022.02.22-00.56.00:335][  0]SourceControl: Source control is disabled
[2022.02.22-00.56.00:339][  0]SourceControl: Source control is disabled
[2022.02.22-00.56.00:343][  0]SourceControl: Source control is disabled
[2022.02.22-00.56.00:356][  0]SourceControl: Source control is disabled
[2022.02.22-00.56.00:360][  0]LogUProjectInfo: Found projects:
[2022.02.22-00.56.00:647][  0]LogOpenImageDenoise: OIDN starting up
[2022.02.22-00.56.00:723][  0]LogAndroidPermission: UAndroidPermissionCallbackProxy::GetInstance
[2022.02.22-00.56.00:752][  0]LogAudioCaptureCore: Display: No Audio Capture implementations found. Audio input will be silent.
[2022.02.22-00.56.00:752][  0]LogAudioCaptureCore: Display: No Audio Capture implementations found. Audio input will be silent.
[2022.02.22-00.56.00:919][  0]LogCollectionManager: Loaded 0 collections in 0.002138 seconds
[2022.02.22-00.56.00:965][  0]LogFileCache: Scanning file cache for directory 'C:/Users/Favio/Desktop/unreal/giddy-up/diagnosis/Saved/Collections/' took 0.00s
[2022.02.22-00.56.00:965][  0]LogFileCache: Scanning file cache for directory 'C:/Users/Favio/Desktop/unreal/giddy-up/diagnosis/Content/Developers/Favio/Collections/' took 0.00s
[2022.02.22-00.56.00:965][  0]LogFileCache: Scanning file cache for directory 'C:/Users/Favio/Desktop/unreal/giddy-up/diagnosis/Content/Collections/' took 0.00s
[2022.02.22-00.56.00:965][  0]LogOcInput: OculusInput pre-init called
[2022.02.22-00.56.01:407][  0]LogEngine: Initializing Engine...
[2022.02.22-00.56.01:785][  0]LogHMD: Failed to enumerate extensions. Please check that you have a valid OpenXR runtime installed.
[2022.02.22-00.56.01:786][  0]LogHMD: Failed to initialize OpenVR with code 110
[2022.02.22-00.56.01:801][  0]LogMagicLeap: Warning: VR disabled because ZI is not enabled.  To enable, in the editor, Edit -> Project Settings -> Plugins -> Magic Leap Plugin -> Enable Zero Iteration
[2022.02.22-00.56.01:813][  0]LogStats: UGameplayTagsManager::InitializeManager -  0.000 s
[2022.02.22-00.56.02:021][  0]LogInit: Initializing FReadOnlyCVARCache
[2022.02.22-00.56.02:030][  0]LogAIModule: Creating AISystem for world Untitled
[2022.02.22-00.56.02:031][  0]LogAudio: Display: Initializing Audio Device Manager...
[2022.02.22-00.56.02:036][  0]LogAudio: Display: Loading Default Audio Settings Objects...
[2022.02.22-00.56.02:036][  0]LogAudio: Display: No default SoundConcurrencyObject specified (or failed to load).
[2022.02.22-00.56.02:037][  0]LogAudio: Display: Audio Device Manager Initialized
[2022.02.22-00.56.02:037][  0]LogAudio: Display: Creating Audio Device:                 Id: 1, Scope: Shared, Realtime: True
[2022.02.22-00.56.02:037][  0]LogAudioMixer: Display: Audio Mixer Platform Settings:
[2022.02.22-00.56.02:037][  0]LogAudioMixer: Display: 	Sample Rate:						  48000
[2022.02.22-00.56.02:037][  0]LogAudioMixer: Display: 	Callback Buffer Frame Size Requested: 1024
[2022.02.22-00.56.02:037][  0]LogAudioMixer: Display: 	Callback Buffer Frame Size To Use:	  1024
[2022.02.22-00.56.02:037][  0]LogAudioMixer: Display: 	Number of buffers to queue:			  2
[2022.02.22-00.56.02:037][  0]LogAudioMixer: Display: 	Max Channels (voices):				  32
[2022.02.22-00.56.02:037][  0]LogAudioMixer: Display: 	Number of Async Source Workers:		  0
[2022.02.22-00.56.02:037][  0]LogAudio: Display: AudioDevice MaxSources: 32
[2022.02.22-00.56.02:038][  0]LogAudio: Display: Audio Spatialization Plugin: None (built-in).
[2022.02.22-00.56.02:038][  0]LogAudio: Display: Audio Reverb Plugin: None (built-in).
[2022.02.22-00.56.02:038][  0]LogAudio: Display: Audio Occlusion Plugin: None (built-in).
[2022.02.22-00.56.02:038][  0]LogAudioMixer: Display: Initializing audio mixer.
[2022.02.22-00.56.02:054][  0]LogAudioMixer: Display: 0: FrontLeft
[2022.02.22-00.56.02:054][  0]LogAudioMixer: Display: 1: FrontRight
[2022.02.22-00.56.02:181][  0]LogAudioMixer: Display: Using Audio Device Altavoces (High Definition Audio Device)
[2022.02.22-00.56.02:181][  0]LogAudioMixer: Display: Initializing Sound Submixes...
[2022.02.22-00.56.02:185][  0]LogAudioMixer: Display: Creating Master Submix 'MasterSubmixDefault'
[2022.02.22-00.56.02:185][  0]LogAudioMixer: Display: Creating Master Submix 'MasterReverbSubmixDefault'
[2022.02.22-00.56.02:186][  0]LogAudioMixer: Display: Creating Master Submix 'MasterEQSubmixDefault'
[2022.02.22-00.56.02:186][  0]LogAudioMixer: FMixerPlatformXAudio2::StartAudioStream() called
[2022.02.22-00.56.02:186][  0]LogAudioMixer: Display: Output buffers initialized: Frames=1024, Channels=2, Samples=2048
[2022.02.22-00.56.02:201][  0]LogAudioMixer: Display: Starting AudioMixerPlatformInterface::RunInternal()
[2022.02.22-00.56.02:201][  0]LogAudioMixer: Display: FMixerPlatformXAudio2::SubmitBuffer() called for the first time
[2022.02.22-00.56.02:201][  0]LogInit: FAudioDevice initialized.
[2022.02.22-00.56.02:222][  0]LogAudio: Display: Audio Device (ID: 1) registered with world 'Untitled'.
[2022.02.22-00.56.02:222][  0]LogNetVersion: Set ProjectVersion to 1.0.0.0. Version Checksum will be recalculated on next use.
[2022.02.22-00.56.02:321][  0]LogDerivedDataCache: Saved boot cache 0.10s 94MB C:/Users/Favio/AppData/Local/UnrealEngine/4.27/DerivedDataCache/Boot.ddc.
[2022.02.22-00.56.02:321][  0]LogInit: Texture streaming: Enabled
[2022.02.22-00.56.02:336][  0]LogAnalytics: Display: [UEEditor.Rocket.Release] APIServer = https://datarouter.ol.epicgames.com/. AppVersion = 4.27.2-18319896+++UE4+Release-4.27
[2022.02.22-00.56.02:341][  0]LogEngineSessionManager: EngineSessionManager initialized
[2022.02.22-00.56.02:341][  0]LogEditorSessionSummary: Verbose: Initializing EditorSessionSummaryWriter for editor session tracking
[2022.02.22-00.56.02:345][  0]LogEditorSessionSummary: EditorSessionSummaryWriter initialized
[2022.02.22-00.56.02:366][  0]LogInit: Transaction tracking system initialized
[2022.02.22-00.56.02:394][  0]BlueprintLog: New page: Editor Load
[2022.02.22-00.56.02:623][  0]LocalizationService: Localization service is disabled
[2022.02.22-00.56.02:656][  0]TimingProfiler: Initialize
[2022.02.22-00.56.02:656][  0]TimingProfiler: OnSessionChanged
[2022.02.22-00.56.02:656][  0]LoadingProfiler: Initialize
[2022.02.22-00.56.02:656][  0]LoadingProfiler: OnSessionChanged
[2022.02.22-00.56.02:656][  0]NetworkingProfiler: Initialize
[2022.02.22-00.56.02:656][  0]NetworkingProfiler: OnSessionChanged
[2022.02.22-00.56.02:656][  0]MemoryProfiler: Initialize
[2022.02.22-00.56.02:657][  0]MemoryProfiler: OnSessionChanged
[2022.02.22-00.56.03:135][  0]LogCook: Display: CookSettings for Memory: MemoryMaxUsedVirtual 0MiB, MemoryMaxUsedPhysical 16384MiB, MemoryMinFreeVirtual 0MiB, MemoryMinFreePhysical 1024MiB
[2022.02.22-00.56.03:136][  0]LogFileCache: Scanning file cache for directory 'C:/Users/Favio/Desktop/unreal/giddy-up/diagnosis/Content/' took 0.03s
[2022.02.22-00.56.03:136][  0]LogCook: Display: Mobile HDR setting 1
[2022.02.22-00.56.03:697][  0]LogInit: Display: Engine is initialized. Leaving FEngineLoop::Init()
[2022.02.22-00.56.03:702][  0]SourceControl: Source control is disabled
[2022.02.22-00.56.03:702][  0]LogUnrealEdMisc: Loading editor; pre map load, took 19.334
[2022.02.22-00.56.03:702][  0]Cmd: MAP LOAD FILE="../../../Engine/Content/Maps/Templates/Template_Default.umap" TEMPLATE=1 SHOWPROGRESS=1 FEATURELEVEL=3
[2022.02.22-00.56.03:703][  0]LightingResults: New page: Lighting Build
[2022.02.22-00.56.03:704][  0]LogWorld: UWorld::CleanupWorld for Untitled, bSessionEnded=true, bCleanupResources=true
[2022.02.22-00.56.03:705][  0]LogSlate: InvalidateAllWidgets triggered.  All widgets were invalidated
[2022.02.22-00.56.03:705][  0]MapCheck: New page: Map Check
[2022.02.22-00.56.03:705][  0]LightingResults: New page: Lighting Build
[2022.02.22-00.56.05:500][  0]LogAudio: Display: Audio Device unregistered from world 'None'.
[2022.02.22-00.56.05:509][  0]LogUObjectHash: Compacting FUObjectHashTables data took   0.94ms
[2022.02.22-00.56.05:585][  0]LogTexture: Display: Building textures: DeprecatedTextureEB9CBE3C423008B5E8E130901E171C89 (BGRA8, 128X128)
[2022.02.22-00.56.05:593][  0]LogAudio: Display: Audio Device (ID: 1) registered with world 'Untitled_1'.
[2022.02.22-00.56.05:594][  0]LogAIModule: Creating AISystem for world Untitled_1
[2022.02.22-00.56.05:598][  0]LogEditorServer: Finished looking for orphan Actors (0.000 secs)
[2022.02.22-00.56.05:676][  0]LogUObjectHash: Compacting FUObjectHashTables data took   0.89ms
[2022.02.22-00.56.05:677][  0]Cmd: MAP CHECKDEP NOCLEARLOG
[2022.02.22-00.56.05:677][  0]MapCheck: Map check complete: 0 Error(s), 0 Warning(s), took 0.188ms to complete.
[2022.02.22-00.56.05:677][  0]LogFileHelpers: Loading map 'Template_Default' took 1.975
[2022.02.22-00.56.05:679][  0]LogUnrealEdMisc: Total Editor Startup Time, took 21.311
[2022.02.22-00.56.20:957][  0]LogSlate: Updating window title bar state: overlay mode, drag disabled, window buttons hidden, title bar hidden
[2022.02.22-00.56.21:487][  0]LogSlate: Updating window title bar state: overlay mode, drag disabled, window buttons hidden, title bar hidden
[2022.02.22-00.56.21:494][  0]LogSlate: Updating window title bar state: overlay mode, drag disabled, window buttons hidden, title bar hidden
[2022.02.22-00.56.21:503][  0]LogSlate: Updating window title bar state: overlay mode, drag disabled, window buttons hidden, title bar hidden
[2022.02.22-00.56.23:320][  0]LogNativeClassHierarchy: Verbose: Native class hierarchy populated in 0.0556 seconds. Added 3822 classes and 928 folders.
[2022.02.22-00.56.23:703][  0]LogNativeClassHierarchy: Verbose: Native class hierarchy updated for 'WidgetCarousel' in 0.0003 seconds. Added 0 classes and 0 folders.
[2022.02.22-00.56.23:705][  0]LogPakFile: PakFile PrimaryIndexSize=187
[2022.02.22-00.56.23:705][  0]LogPakFile: PakFile PathHashIndexSize=101
[2022.02.22-00.56.23:705][  0]LogPakFile: PakFile FullDirectoryIndexSize=148
[2022.02.22-00.56.23:705][  0]LogShaderLibrary: Display: ShaderCodeLibraryPakFileMountedCallback: PakFile 'D:/programas/unreal/UE_4.27/FeaturePacks/FP_FirstPerson.upack' (chunk index -1, root 'root:/') mounted
[2022.02.22-00.56.23:705][  0]LogShaderLibrary: Display: ShaderCodeLibraryPakFileMountedCallback: pending pak file info (ChunkID:-1 Root:root:/ File:D:/programas/unreal/UE_4.27/FeaturePacks/FP_FirstPerson.upack)
[2022.02.22-00.56.23:705][  0]LogPakFile: OnPakFileMounted2Time == 0.000062
[2022.02.22-00.56.23:706][  0]LogPakFile: PakFile PrimaryIndexSize=189
[2022.02.22-00.56.23:706][  0]LogPakFile: PakFile PathHashIndexSize=101
[2022.02.22-00.56.23:706][  0]LogPakFile: PakFile FullDirectoryIndexSize=152
[2022.02.22-00.56.23:706][  0]LogShaderLibrary: Display: ShaderCodeLibraryPakFileMountedCallback: PakFile 'D:/programas/unreal/UE_4.27/FeaturePacks/FP_FirstPersonBP.upack' (chunk index -1, root 'root:/') mounted
[2022.02.22-00.56.23:706][  0]LogShaderLibrary: Display: ShaderCodeLibraryPakFileMountedCallback: pending pak file info (ChunkID:-1 Root:root:/ File:D:/programas/unreal/UE_4.27/FeaturePacks/FP_FirstPersonBP.upack)
[2022.02.22-00.56.23:706][  0]LogPakFile: OnPakFileMounted2Time == 0.000048
[2022.02.22-00.56.23:707][  0]LogPakFile: PakFile PrimaryIndexSize=191
[2022.02.22-00.56.23:708][  0]LogPakFile: PakFile PathHashIndexSize=101
[2022.02.22-00.56.23:708][  0]LogPakFile: PakFile FullDirectoryIndexSize=160
[2022.02.22-00.56.23:708][  0]LogShaderLibrary: Display: ShaderCodeLibraryPakFileMountedCallback: PakFile 'D:/programas/unreal/UE_4.27/FeaturePacks/MobileStarterContent.upack' (chunk index -1, root 'root:/') mounted
[2022.02.22-00.56.23:708][  0]LogShaderLibrary: Display: ShaderCodeLibraryPakFileMountedCallback: pending pak file info (ChunkID:-1 Root:root:/ File:D:/programas/unreal/UE_4.27/FeaturePacks/MobileStarterContent.upack)
[2022.02.22-00.56.23:708][  0]LogPakFile: OnPakFileMounted2Time == 0.000046
[2022.02.22-00.56.23:709][  0]LogPakFile: PakFile PrimaryIndexSize=185
[2022.02.22-00.56.23:709][  0]LogPakFile: PakFile PathHashIndexSize=101
[2022.02.22-00.56.23:709][  0]LogPakFile: PakFile FullDirectoryIndexSize=148
[2022.02.22-00.56.23:709][  0]LogShaderLibrary: Display: ShaderCodeLibraryPakFileMountedCallback: PakFile 'D:/programas/unreal/UE_4.27/FeaturePacks/StarterContent.upack' (chunk index -1, root 'root:/') mounted
[2022.02.22-00.56.23:709][  0]LogShaderLibrary: Display: ShaderCodeLibraryPakFileMountedCallback: pending pak file info (ChunkID:-1 Root:root:/ File:D:/programas/unreal/UE_4.27/FeaturePacks/StarterContent.upack)
[2022.02.22-00.56.23:709][  0]LogPakFile: OnPakFileMounted2Time == 0.000049
[2022.02.22-00.56.23:710][  0]LogPakFile: PakFile PrimaryIndexSize=190
[2022.02.22-00.56.23:710][  0]LogPakFile: PakFile PathHashIndexSize=101
[2022.02.22-00.56.23:710][  0]LogPakFile: PakFile FullDirectoryIndexSize=154
[2022.02.22-00.56.23:710][  0]LogShaderLibrary: Display: ShaderCodeLibraryPakFileMountedCallback: PakFile 'D:/programas/unreal/UE_4.27/FeaturePacks/TP_2DSideScroller.upack' (chunk index -1, root 'root:/') mounted
[2022.02.22-00.56.23:710][  0]LogShaderLibrary: Display: ShaderCodeLibraryPakFileMountedCallback: pending pak file info (ChunkID:-1 Root:root:/ File:D:/programas/unreal/UE_4.27/FeaturePacks/TP_2DSideScroller.upack)
[2022.02.22-00.56.23:710][  0]LogPakFile: OnPakFileMounted2Time == 0.000047
[2022.02.22-00.56.23:711][  0]LogPakFile: PakFile PrimaryIndexSize=192
[2022.02.22-00.56.23:711][  0]LogPakFile: PakFile PathHashIndexSize=101
[2022.02.22-00.56.23:711][  0]LogPakFile: PakFile FullDirectoryIndexSize=158
[2022.02.22-00.56.23:711][  0]LogShaderLibrary: Display: ShaderCodeLibraryPakFileMountedCallback: PakFile 'D:/programas/unreal/UE_4.27/FeaturePacks/TP_2DSideScrollerBP.upack' (chunk index -1, root 'root:/') mounted
[2022.02.22-00.56.23:711][  0]LogShaderLibrary: Display: ShaderCodeLibraryPakFileMountedCallback: pending pak file info (ChunkID:-1 Root:root:/ File:D:/programas/unreal/UE_4.27/FeaturePacks/TP_2DSideScrollerBP.upack)
[2022.02.22-00.56.23:711][  0]LogPakFile: OnPakFileMounted2Time == 0.000048
[2022.02.22-00.56.23:712][  0]LogPakFile: PakFile PrimaryIndexSize=182
[2022.02.22-00.56.23:712][  0]LogPakFile: PakFile PathHashIndexSize=101
[2022.02.22-00.56.23:712][  0]LogPakFile: PakFile FullDirectoryIndexSize=138
[2022.02.22-00.56.23:712][  0]LogShaderLibrary: Display: ShaderCodeLibraryPakFileMountedCallback: PakFile 'D:/programas/unreal/UE_4.27/FeaturePacks/TP_Flying.upack' (chunk index -1, root 'root:/') mounted
[2022.02.22-00.56.23:712][  0]LogShaderLibrary: Display: ShaderCodeLibraryPakFileMountedCallback: pending pak file info (ChunkID:-1 Root:root:/ File:D:/programas/unreal/UE_4.27/FeaturePacks/TP_Flying.upack)
[2022.02.22-00.56.23:712][  0]LogPakFile: OnPakFileMounted2Time == 0.000044
[2022.02.22-00.56.23:713][  0]LogPakFile: PakFile PrimaryIndexSize=184
[2022.02.22-00.56.23:713][  0]LogPakFile: PakFile PathHashIndexSize=101
[2022.02.22-00.56.23:713][  0]LogPakFile: PakFile FullDirectoryIndexSize=142
[2022.02.22-00.56.23:713][  0]LogShaderLibrary: Display: ShaderCodeLibraryPakFileMountedCallback: PakFile 'D:/programas/unreal/UE_4.27/FeaturePacks/TP_FlyingBP.upack' (chunk index -1, root 'root:/') mounted
[2022.02.22-00.56.23:713][  0]LogShaderLibrary: Display: ShaderCodeLibraryPakFileMountedCallback: pending pak file info (ChunkID:-1 Root:root:/ File:D:/programas/unreal/UE_4.27/FeaturePacks/TP_FlyingBP.upack)
[2022.02.22-00.56.23:713][  0]LogPakFile: OnPakFileMounted2Time == 0.000043
[2022.02.22-00.56.23:714][  0]LogPakFile: PakFile PrimaryIndexSize=188
[2022.02.22-00.56.23:714][  0]LogPakFile: PakFile PathHashIndexSize=101
[2022.02.22-00.56.23:714][  0]LogPakFile: PakFile FullDirectoryIndexSize=150
[2022.02.22-00.56.23:714][  0]LogShaderLibrary: Display: ShaderCodeLibraryPakFileMountedCallback: PakFile 'D:/programas/unreal/UE_4.27/FeaturePacks/TP_HandheldARBP.upack' (chunk index -1, root 'root:/') mounted
[2022.02.22-00.56.23:714][  0]LogShaderLibrary: Display: ShaderCodeLibraryPakFileMountedCallback: pending pak file info (ChunkID:-1 Root:root:/ File:D:/programas/unreal/UE_4.27/FeaturePacks/TP_HandheldARBP.upack)
[2022.02.22-00.56.23:714][  0]LogPakFile: OnPakFileMounted2Time == 0.000045
[2022.02.22-00.56.23:715][  0]LogPakFile: PakFile PrimaryIndexSize=182
[2022.02.22-00.56.23:715][  0]LogPakFile: PakFile PathHashIndexSize=101
[2022.02.22-00.56.23:715][  0]LogPakFile: PakFile FullDirectoryIndexSize=138
[2022.02.22-00.56.23:715][  0]LogShaderLibrary: Display: ShaderCodeLibraryPakFileMountedCallback: PakFile 'D:/programas/unreal/UE_4.27/FeaturePacks/TP_Puzzle.upack' (chunk index -1, root 'root:/') mounted
[2022.02.22-00.56.23:715][  0]LogShaderLibrary: Display: ShaderCodeLibraryPakFileMountedCallback: pending pak file info (ChunkID:-1 Root:root:/ File:D:/programas/unreal/UE_4.27/FeaturePacks/TP_Puzzle.upack)
[2022.02.22-00.56.23:715][  0]LogPakFile: OnPakFileMounted2Time == 0.000042
[2022.02.22-00.56.23:716][  0]LogPakFile: PakFile PrimaryIndexSize=184
[2022.02.22-00.56.23:716][  0]LogPakFile: PakFile PathHashIndexSize=101
[2022.02.22-00.56.23:716][  0]LogPakFile: PakFile FullDirectoryIndexSize=142
[2022.02.22-00.56.23:716][  0]LogShaderLibrary: Display: ShaderCodeLibraryPakFileMountedCallback: PakFile 'D:/programas/unreal/UE_4.27/FeaturePacks/TP_PuzzleBP.upack' (chunk index -1, root 'root:/') mounted
[2022.02.22-00.56.23:716][  0]LogShaderLibrary: Display: ShaderCodeLibraryPakFileMountedCallback: pending pak file info (ChunkID:-1 Root:root:/ File:D:/programas/unreal/UE_4.27/FeaturePacks/TP_PuzzleBP.upack)
[2022.02.22-00.56.23:716][  0]LogPakFile: OnPakFileMounted2Time == 0.000041
[2022.02.22-00.56.23:717][  0]LogPakFile: PakFile PrimaryIndexSize=183
[2022.02.22-00.56.23:717][  0]LogPakFile: PakFile PathHashIndexSize=101
[2022.02.22-00.56.23:717][  0]LogPakFile: PakFile FullDirectoryIndexSize=140
[2022.02.22-00.56.23:717][  0]LogShaderLibrary: Display: ShaderCodeLibraryPakFileMountedCallback: PakFile 'D:/programas/unreal/UE_4.27/FeaturePacks/TP_Rolling.upack' (chunk index -1, root 'root:/') mounted
[2022.02.22-00.56.23:717][  0]LogShaderLibrary: Display: ShaderCodeLibraryPakFileMountedCallback: pending pak file info (ChunkID:-1 Root:root:/ File:D:/programas/unreal/UE_4.27/FeaturePacks/TP_Rolling.upack)
[2022.02.22-00.56.23:717][  0]LogPakFile: OnPakFileMounted2Time == 0.000042
[2022.02.22-00.56.23:718][  0]LogPakFile: PakFile PrimaryIndexSize=185
[2022.02.22-00.56.23:718][  0]LogPakFile: PakFile PathHashIndexSize=101
[2022.02.22-00.56.23:718][  0]LogPakFile: PakFile FullDirectoryIndexSize=144
[2022.02.22-00.56.23:718][  0]LogShaderLibrary: Display: ShaderCodeLibraryPakFileMountedCallback: PakFile 'D:/programas/unreal/UE_4.27/FeaturePacks/TP_RollingBP.upack' (chunk index -1, root 'root:/') mounted
[2022.02.22-00.56.23:718][  0]LogShaderLibrary: Display: ShaderCodeLibraryPakFileMountedCallback: pending pak file info (ChunkID:-1 Root:root:/ File:D:/programas/unreal/UE_4.27/FeaturePacks/TP_RollingBP.upack)
[2022.02.22-00.56.23:718][  0]LogPakFile: OnPakFileMounted2Time == 0.000041
[2022.02.22-00.56.23:719][  0]LogPakFile: PakFile PrimaryIndexSize=188
[2022.02.22-00.56.23:719][  0]LogPakFile: PakFile PathHashIndexSize=101
[2022.02.22-00.56.23:719][  0]LogPakFile: PakFile FullDirectoryIndexSize=150
[2022.02.22-00.56.23:719][  0]LogShaderLibrary: Display: ShaderCodeLibraryPakFileMountedCallback: PakFile 'D:/programas/unreal/UE_4.27/FeaturePacks/TP_SideScroller.upack' (chunk index -1, root 'root:/') mounted
[2022.02.22-00.56.23:719][  0]LogShaderLibrary: Display: ShaderCodeLibraryPakFileMountedCallback: pending pak file info (ChunkID:-1 Root:root:/ File:D:/programas/unreal/UE_4.27/FeaturePacks/TP_SideScroller.upack)
[2022.02.22-00.56.23:719][  0]LogPakFile: OnPakFileMounted2Time == 0.000042
[2022.02.22-00.56.23:719][  0]LogPakFile: PakFile PrimaryIndexSize=190
[2022.02.22-00.56.23:719][  0]LogPakFile: PakFile PathHashIndexSize=101
[2022.02.22-00.56.23:720][  0]LogPakFile: PakFile FullDirectoryIndexSize=154
[2022.02.22-00.56.23:720][  0]LogShaderLibrary: Display: ShaderCodeLibraryPakFileMountedCallback: PakFile 'D:/programas/unreal/UE_4.27/FeaturePacks/TP_SideScrollerBP.upack' (chunk index -1, root 'root:/') mounted
[2022.02.22-00.56.23:720][  0]LogShaderLibrary: Display: ShaderCodeLibraryPakFileMountedCallback: pending pak file info (ChunkID:-1 Root:root:/ File:D:/programas/unreal/UE_4.27/FeaturePacks/TP_SideScrollerBP.upack)
[2022.02.22-00.56.23:720][  0]LogPakFile: OnPakFileMounted2Time == 0.000048
[2022.02.22-00.56.23:720][  0]LogPakFile: PakFile PrimaryIndexSize=187
[2022.02.22-00.56.23:721][  0]LogPakFile: PakFile PathHashIndexSize=101
[2022.02.22-00.56.23:721][  0]LogPakFile: PakFile FullDirectoryIndexSize=148
[2022.02.22-00.56.23:721][  0]LogShaderLibrary: Display: ShaderCodeLibraryPakFileMountedCallback: PakFile 'D:/programas/unreal/UE_4.27/FeaturePacks/TP_ThirdPerson.upack' (chunk index -1, root 'root:/') mounted
[2022.02.22-00.56.23:721][  0]LogShaderLibrary: Display: ShaderCodeLibraryPakFileMountedCallback: pending pak file info (ChunkID:-1 Root:root:/ File:D:/programas/unreal/UE_4.27/FeaturePacks/TP_ThirdPerson.upack)
[2022.02.22-00.56.23:721][  0]LogPakFile: OnPakFileMounted2Time == 0.000047
[2022.02.22-00.56.23:721][  0]LogPakFile: PakFile PrimaryIndexSize=189
[2022.02.22-00.56.23:722][  0]LogPakFile: PakFile PathHashIndexSize=101
[2022.02.22-00.56.23:722][  0]LogPakFile: PakFile FullDirectoryIndexSize=152
[2022.02.22-00.56.23:722][  0]LogShaderLibrary: Display: ShaderCodeLibraryPakFileMountedCallback: PakFile 'D:/programas/unreal/UE_4.27/FeaturePacks/TP_ThirdPersonBP.upack' (chunk index -1, root 'root:/') mounted
[2022.02.22-00.56.23:722][  0]LogShaderLibrary: Display: ShaderCodeLibraryPakFileMountedCallback: pending pak file info (ChunkID:-1 Root:root:/ File:D:/programas/unreal/UE_4.27/FeaturePacks/TP_ThirdPersonBP.upack)
[2022.02.22-00.56.23:722][  0]LogPakFile: OnPakFileMounted2Time == 0.000045
[2022.02.22-00.56.23:722][  0]LogPakFile: PakFile PrimaryIndexSize=183
[2022.02.22-00.56.23:723][  0]LogPakFile: PakFile PathHashIndexSize=101
[2022.02.22-00.56.23:723][  0]LogPakFile: PakFile FullDirectoryIndexSize=140
[2022.02.22-00.56.23:723][  0]LogShaderLibrary: Display: ShaderCodeLibraryPakFileMountedCallback: PakFile 'D:/programas/unreal/UE_4.27/FeaturePacks/TP_TopDown.upack' (chunk index -1, root 'root:/') mounted
[2022.02.22-00.56.23:723][  0]LogShaderLibrary: Display: ShaderCodeLibraryPakFileMountedCallback: pending pak file info (ChunkID:-1 Root:root:/ File:D:/programas/unreal/UE_4.27/FeaturePacks/TP_TopDown.upack)
[2022.02.22-00.56.23:723][  0]LogPakFile: OnPakFileMounted2Time == 0.000056
[2022.02.22-00.56.23:724][  0]LogPakFile: PakFile PrimaryIndexSize=185
[2022.02.22-00.56.23:724][  0]LogPakFile: PakFile PathHashIndexSize=101
[2022.02.22-00.56.23:724][  0]LogPakFile: PakFile FullDirectoryIndexSize=144
[2022.02.22-00.56.23:724][  0]LogShaderLibrary: Display: ShaderCodeLibraryPakFileMountedCallback: PakFile 'D:/programas/unreal/UE_4.27/FeaturePacks/TP_TopDownBP.upack' (chunk index -1, root 'root:/') mounted
[2022.02.22-00.56.23:724][  0]LogShaderLibrary: Display: ShaderCodeLibraryPakFileMountedCallback: pending pak file info (ChunkID:-1 Root:root:/ File:D:/programas/unreal/UE_4.27/FeaturePacks/TP_TopDownBP.upack)
[2022.02.22-00.56.23:724][  0]LogPakFile: OnPakFileMounted2Time == 0.000052
[2022.02.22-00.56.23:725][  0]LogPakFile: PakFile PrimaryIndexSize=185
[2022.02.22-00.56.23:725][  0]LogPakFile: PakFile PathHashIndexSize=101
[2022.02.22-00.56.23:725][  0]LogPakFile: PakFile FullDirectoryIndexSize=144
[2022.02.22-00.56.23:725][  0]LogShaderLibrary: Display: ShaderCodeLibraryPakFileMountedCallback: PakFile 'D:/programas/unreal/UE_4.27/FeaturePacks/TP_TwinStick.upack' (chunk index -1, root 'root:/') mounted
[2022.02.22-00.56.23:725][  0]LogShaderLibrary: Display: ShaderCodeLibraryPakFileMountedCallback: pending pak file info (ChunkID:-1 Root:root:/ File:D:/programas/unreal/UE_4.27/FeaturePacks/TP_TwinStick.upack)
[2022.02.22-00.56.23:725][  0]LogPakFile: OnPakFileMounted2Time == 0.000049
[2022.02.22-00.56.23:726][  0]LogPakFile: PakFile PrimaryIndexSize=187
[2022.02.22-00.56.23:726][  0]LogPakFile: PakFile PathHashIndexSize=101
[2022.02.22-00.56.23:726][  0]LogPakFile: PakFile FullDirectoryIndexSize=148
[2022.02.22-00.56.23:726][  0]LogShaderLibrary: Display: ShaderCodeLibraryPakFileMountedCallback: PakFile 'D:/programas/unreal/UE_4.27/FeaturePacks/TP_TwinStickBP.upack' (chunk index -1, root 'root:/') mounted
[2022.02.22-00.56.23:726][  0]LogShaderLibrary: Display: ShaderCodeLibraryPakFileMountedCallback: pending pak file info (ChunkID:-1 Root:root:/ File:D:/programas/unreal/UE_4.27/FeaturePacks/TP_TwinStickBP.upack)
[2022.02.22-00.56.23:726][  0]LogPakFile: OnPakFileMounted2Time == 0.000046
[2022.02.22-00.56.23:727][  0]LogPakFile: PakFile PrimaryIndexSize=183
[2022.02.22-00.56.23:727][  0]LogPakFile: PakFile PathHashIndexSize=101
[2022.02.22-00.56.23:727][  0]LogPakFile: PakFile FullDirectoryIndexSize=140
[2022.02.22-00.56.23:727][  0]LogShaderLibrary: Display: ShaderCodeLibraryPakFileMountedCallback: PakFile 'D:/programas/unreal/UE_4.27/FeaturePacks/TP_Vehicle.upack' (chunk index -1, root 'root:/') mounted
[2022.02.22-00.56.23:728][  0]LogShaderLibrary: Display: ShaderCodeLibraryPakFileMountedCallback: pending pak file info (ChunkID:-1 Root:root:/ File:D:/programas/unreal/UE_4.27/FeaturePacks/TP_Vehicle.upack)
[2022.02.22-00.56.23:728][  0]LogPakFile: OnPakFileMounted2Time == 0.000055
[2022.02.22-00.56.23:729][  0]LogPakFile: PakFile PrimaryIndexSize=186
[2022.02.22-00.56.23:729][  0]LogPakFile: PakFile PathHashIndexSize=101
[2022.02.22-00.56.23:729][  0]LogPakFile: PakFile FullDirectoryIndexSize=146
[2022.02.22-00.56.23:729][  0]LogShaderLibrary: Display: ShaderCodeLibraryPakFileMountedCallback: PakFile 'D:/programas/unreal/UE_4.27/FeaturePacks/TP_VehicleAdv.upack' (chunk index -1, root 'root:/') mounted
[2022.02.22-00.56.23:729][  0]LogShaderLibrary: Display: ShaderCodeLibraryPakFileMountedCallback: pending pak file info (ChunkID:-1 Root:root:/ File:D:/programas/unreal/UE_4.27/FeaturePacks/TP_VehicleAdv.upack)
[2022.02.22-00.56.23:729][  0]LogPakFile: OnPakFileMounted2Time == 0.000051
[2022.02.22-00.56.23:730][  0]LogPakFile: PakFile PrimaryIndexSize=188
[2022.02.22-00.56.23:730][  0]LogPakFile: PakFile PathHashIndexSize=101
[2022.02.22-00.56.23:730][  0]LogPakFile: PakFile FullDirectoryIndexSize=150
[2022.02.22-00.56.23:730][  0]LogShaderLibrary: Display: ShaderCodeLibraryPakFileMountedCallback: PakFile 'D:/programas/unreal/UE_4.27/FeaturePacks/TP_VehicleAdvBP.upack' (chunk index -1, root 'root:/') mounted
[2022.02.22-00.56.23:730][  0]LogShaderLibrary: Display: ShaderCodeLibraryPakFileMountedCallback: pending pak file info (ChunkID:-1 Root:root:/ File:D:/programas/unreal/UE_4.27/FeaturePacks/TP_VehicleAdvBP.upack)
[2022.02.22-00.56.23:730][  0]LogPakFile: OnPakFileMounted2Time == 0.000054
[2022.02.22-00.56.23:731][  0]LogPakFile: PakFile PrimaryIndexSize=185
[2022.02.22-00.56.23:731][  0]LogPakFile: PakFile PathHashIndexSize=101
[2022.02.22-00.56.23:731][  0]LogPakFile: PakFile FullDirectoryIndexSize=144
[2022.02.22-00.56.23:731][  0]LogShaderLibrary: Display: ShaderCodeLibraryPakFileMountedCallback: PakFile 'D:/programas/unreal/UE_4.27/FeaturePacks/TP_VehicleBP.upack' (chunk index -1, root 'root:/') mounted
[2022.02.22-00.56.23:731][  0]LogShaderLibrary: Display: ShaderCodeLibraryPakFileMountedCallback: pending pak file info (ChunkID:-1 Root:root:/ File:D:/programas/unreal/UE_4.27/FeaturePacks/TP_VehicleBP.upack)
[2022.02.22-00.56.23:731][  0]LogPakFile: OnPakFileMounted2Time == 0.000044
[2022.02.22-00.56.23:732][  0]LogPakFile: PakFile PrimaryIndexSize=192
[2022.02.22-00.56.23:732][  0]LogPakFile: PakFile PathHashIndexSize=101
[2022.02.22-00.56.23:732][  0]LogPakFile: PakFile FullDirectoryIndexSize=158
[2022.02.22-00.56.23:732][  0]LogShaderLibrary: Display: ShaderCodeLibraryPakFileMountedCallback: PakFile 'D:/programas/unreal/UE_4.27/FeaturePacks/TP_VirtualRealityBP.upack' (chunk index -1, root 'root:/') mounted
[2022.02.22-00.56.23:732][  0]LogShaderLibrary: Display: ShaderCodeLibraryPakFileMountedCallback: pending pak file info (ChunkID:-1 Root:root:/ File:D:/programas/unreal/UE_4.27/FeaturePacks/TP_VirtualRealityBP.upack)
[2022.02.22-00.56.23:732][  0]LogPakFile: OnPakFileMounted2Time == 0.000044
[2022.02.22-00.56.23:819][  0]LogNativeClassHierarchy: Verbose: Native class hierarchy updated for 'AddContentDialog' in 0.0003 seconds. Added 0 classes and 0 folders.
[2022.02.22-00.56.28:093][  0]LogSlate: Took 0.000285 seconds to synchronously load lazily loaded font '../../../Engine/Content/Slate/Fonts/Roboto-Regular.ttf' (155K)
[2022.02.22-00.56.28:223][  0]LogSlate: Took 0.089232 seconds to synchronously load lazily loaded font '../../../Engine/Content/Editor/Slate/Fonts/FontAwesome.ttf' (139K)
[2022.02.22-00.56.28:421][  0]LogSlate: Took 0.000733 seconds to synchronously load lazily loaded font '../../../Engine/Content/Slate/Fonts/Roboto-Bold.ttf' (160K)
[2022.02.22-00.56.31:340][  0]LogRenderer: Reallocating scene render targets to support 1172x552 Format 10 NumSamples 1 (Frame:1).
[2022.02.22-00.56.56:910][  0]LogNativeClassHierarchy: Verbose: Native class hierarchy updated for 'HierarchicalLODOutliner' in 0.0003 seconds. Added 0 classes and 0 folders.
[2022.02.22-00.56.56:910][  0]LogLoad: (Engine Initialization) Total time: 72.54 seconds
[2022.02.22-00.56.56:910][  0]LogLoad: (Engine Initialization) Total Blueprint compile time: 0.00 seconds
[2022.02.22-00.57.01:917][  0]LogD3D11RHI: GetQueryData is taking a very long time (5.0 s) (00000000)
[2022.02.22-00.57.03:075][  0]LogEditorViewport: Clicking on Actor (LMB): StaticMeshActor (Floor)
[2022.02.22-00.57.04:989][  0]LogAssetRegistry: Asset discovery search completed in 67.4442 seconds
[2022.02.22-00.57.04:997][  0]LogCollectionManager: Fixed up redirectors for 0 collections in 0.000004 seconds (updated 0 objects)
[2022.02.22-00.57.05:079][  0]LogContentStreaming: Texture pool size now 1000 MB
[2022.02.22-00.57.10:989][  2]LogSlate: Took 0.000284 seconds to synchronously load lazily loaded font '../../../Engine/Content/Slate/Fonts/Roboto-Light.ttf' (167K)
